[1.461s] Invoking command in '/home/ceasarmusk/ros2_ws/src/build/ardupilot_bridge': PYTHONPATH=/home/ceasarmusk/ros2_ws/src/build/ardupilot_bridge/prefix_override:/usr/lib/python3/dist-packages/colcon_core/task/python/colcon_distutils_commands:/home/ceasarmusk/ros2_ws/src/install/ardupilot_bridge/lib/python3.12/site-packages:${PYTHONPATH} /usr/bin/python3 -W ignore:setup.py install is deprecated -W ignore:easy_install command is deprecated setup.py develop --editable --build-directory /home/ceasarmusk/ros2_ws/src/build/ardupilot_bridge/build --no-deps symlink_data
[1.885s] running develop
[2.136s] running egg_info
[2.136s] creating ardupilot_bridge.egg-info
[2.159s] writing ardupilot_bridge.egg-info/PKG-INFO
[2.160s] writing dependency_links to ardupilot_bridge.egg-info/dependency_links.txt
[2.160s] writing entry points to ardupilot_bridge.egg-info/entry_points.txt
[2.160s] writing requirements to ardupilot_bridge.egg-info/requires.txt
[2.160s] writing top-level names to ardupilot_bridge.egg-info/top_level.txt
[2.160s] writing manifest file 'ardupilot_bridge.egg-info/SOURCES.txt'
[2.209s] reading manifest file 'ardupilot_bridge.egg-info/SOURCES.txt'
[2.209s] writing manifest file 'ardupilot_bridge.egg-info/SOURCES.txt'
[2.235s] running build_ext
[2.235s] Creating /home/ceasarmusk/ros2_ws/src/install/ardupilot_bridge/lib/python3.12/site-packages/ardupilot-bridge.egg-link (link to .)
[2.236s] Installing scan_to_obstacle_distance script to /home/ceasarmusk/ros2_ws/src/install/ardupilot_bridge/lib/ardupilot_bridge
[2.236s] 
[2.236s] Installed /home/ceasarmusk/ros2_ws/src/build/ardupilot_bridge
[2.236s] running symlink_data
[2.236s] creating /home/ceasarmusk/ros2_ws/src/install/ardupilot_bridge/share/ament_index
[2.237s] creating /home/ceasarmusk/ros2_ws/src/install/ardupilot_bridge/share/ament_index/resource_index
[2.237s] creating /home/ceasarmusk/ros2_ws/src/install/ardupilot_bridge/share/ament_index/resource_index/packages
[2.237s] symbolically linking /home/ceasarmusk/ros2_ws/src/build/ardupilot_bridge/resource/ardupilot_bridge -> /home/ceasarmusk/ros2_ws/src/install/ardupilot_bridge/share/ament_index/resource_index/packages
[2.237s] symbolically linking /home/ceasarmusk/ros2_ws/src/build/ardupilot_bridge/package.xml -> /home/ceasarmusk/ros2_ws/src/install/ardupilot_bridge/share/ardupilot_bridge
[2.338s] Invoked command in '/home/ceasarmusk/ros2_ws/src/build/ardupilot_bridge' returned '0': PYTHONPATH=/home/ceasarmusk/ros2_ws/src/build/ardupilot_bridge/prefix_override:/usr/lib/python3/dist-packages/colcon_core/task/python/colcon_distutils_commands:/home/ceasarmusk/ros2_ws/src/install/ardupilot_bridge/lib/python3.12/site-packages:${PYTHONPATH} /usr/bin/python3 -W ignore:setup.py install is deprecated -W ignore:easy_install command is deprecated setup.py develop --editable --build-directory /home/ceasarmusk/ros2_ws/src/build/ardupilot_bridge/build --no-deps symlink_data
