[0.017s] Invoking command in '/home/ceasarmusk/ros2_ws/build/rf2o_laser_odometry': CMAKE_PREFIX_PATH=${CMAKE_PREFIX_PATH}:/home/ceasarmusk/ros2_ws/install/reactive_avoidance:/home/ceasarmusk/ros2_ws/install/ardupilot_bridge:/opt/ros/jazzy /usr/bin/cmake /home/ceasarmusk/ros2_ws/src/rf2o_laser_odometry -DAMENT_CMAKE_SYMLINK_INSTALL=1 -DCMAKE_INSTALL_PREFIX=/home/ceasarmusk/ros2_ws/install/rf2o_laser_odometry
[0.606s] -- The C compiler identification is GNU 13.3.0
[0.986s] -- The CXX compiler identification is GNU 13.3.0
[1.027s] -- Detecting C compiler ABI info
[1.220s] -- Detecting C compiler ABI info - done
[1.235s] -- Check for working C compiler: /usr/bin/cc - skipped
[1.236s] -- Detecting C compile features
[1.237s] -- Detecting C compile features - done
[1.253s] -- Detecting CXX compiler ABI info
[1.436s] -- Detecting CXX compiler ABI info - done
[1.452s] -- Check for working CXX compiler: /usr/bin/c++ - skipped
[1.452s] -- Detecting CXX compile features
[1.453s] -- Detecting CXX compile features - done
[1.460s] -- Found ament_cmake: 2.5.5 (/opt/ros/jazzy/share/ament_cmake/cmake)
[1.702s] -- Found Python3: /usr/bin/python3 (found version "3.12.3") found components: Interpreter 
[1.844s] -- Override CMake install command with custom implementation using symlinks instead of copying resources
[1.931s] -- Found rclcpp: 28.1.16 (/opt/ros/jazzy/share/rclcpp/cmake)
[2.027s] -- Found rosidl_generator_c: 4.6.7 (/opt/ros/jazzy/share/rosidl_generator_c/cmake)
[2.056s] -- Found rosidl_generator_cpp: 4.6.7 (/opt/ros/jazzy/share/rosidl_generator_cpp/cmake)
[2.096s] -- Using all available rosidl_typesupport_c: rosidl_typesupport_fastrtps_c;rosidl_typesupport_introspection_c
[2.137s] -- Using all available rosidl_typesupport_cpp: rosidl_typesupport_fastrtps_cpp;rosidl_typesupport_introspection_cpp
[2.301s] -- Found rmw_implementation_cmake: 7.3.3 (/opt/ros/jazzy/share/rmw_implementation_cmake/cmake)
[2.309s] -- Found rmw_fastrtps_cpp: 8.4.3 (/opt/ros/jazzy/share/rmw_fastrtps_cpp/cmake)
[2.498s] -- Found OpenSSL: /usr/lib/aarch64-linux-gnu/libcrypto.so (found version "3.0.13")  
[2.530s] -- Found FastRTPS: /opt/ros/jazzy/include (Required is at least version "2.13") 
[2.567s] -- Using RMW implementation 'rmw_fastrtps_cpp' as default
[2.719s] -- Found std_msgs: 5.3.6 (/opt/ros/jazzy/share/std_msgs/cmake)
[2.752s] -- Found geometry_msgs: 5.3.6 (/opt/ros/jazzy/share/geometry_msgs/cmake)
[2.786s] -- Found tf2_geometry_msgs: 0.36.19 (/opt/ros/jazzy/share/tf2_geometry_msgs/cmake)
[2.820s] -- Found eigen3_cmake_module: 0.3.0 (/opt/ros/jazzy/share/eigen3_cmake_module/cmake)
[2.823s] -- Found Eigen3: TRUE (found version "3.4.0") 
[2.823s] -- Ensuring Eigen3 include directory is part of orocos-kdl CMake target
[3.133s] -- Found sensor_msgs: 5.3.6 (/opt/ros/jazzy/share/sensor_msgs/cmake)
[3.179s] -- Found nav_msgs: 5.3.6 (/opt/ros/jazzy/share/nav_msgs/cmake)
[3.272s] -- Found Boost: /usr/lib/aarch64-linux-gnu/cmake/Boost-1.83.0/BoostConfig.cmake (found version "1.83.0")  
[3.464s] -- Configuring done (3.3s)
[3.497s] -- Generating done (0.0s)
[3.505s] -- Build files have been written to: /home/ceasarmusk/ros2_ws/build/rf2o_laser_odometry
[3.532s] Invoked command in '/home/ceasarmusk/ros2_ws/build/rf2o_laser_odometry' returned '0': CMAKE_PREFIX_PATH=${CMAKE_PREFIX_PATH}:/home/ceasarmusk/ros2_ws/install/reactive_avoidance:/home/ceasarmusk/ros2_ws/install/ardupilot_bridge:/opt/ros/jazzy /usr/bin/cmake /home/ceasarmusk/ros2_ws/src/rf2o_laser_odometry -DAMENT_CMAKE_SYMLINK_INSTALL=1 -DCMAKE_INSTALL_PREFIX=/home/ceasarmusk/ros2_ws/install/rf2o_laser_odometry
[3.535s] Invoking command in '/home/ceasarmusk/ros2_ws/build/rf2o_laser_odometry': CMAKE_PREFIX_PATH=${CMAKE_PREFIX_PATH}:/home/ceasarmusk/ros2_ws/install/reactive_avoidance:/home/ceasarmusk/ros2_ws/install/ardupilot_bridge:/opt/ros/jazzy /usr/bin/cmake --build /home/ceasarmusk/ros2_ws/build/rf2o_laser_odometry -- -j4 -l4
[3.629s] [ 60%] [32mBuilding CXX object CMakeFiles/rf2o_laser_odometry.dir/src/CLaserOdometry2D.cpp.o[0m
[3.629s] [ 60%] [32mBuilding CXX object CMakeFiles/rf2o_laser_odometry_node.dir/src/CLaserOdometry2D.cpp.o[0m
[3.631s] [ 60%] [32mBuilding CXX object CMakeFiles/rf2o_laser_odometry_node.dir/src/CLaserOdometry2DNode.cpp.o[0m
[39.572s] [ 80%] [32m[1mLinking CXX executable rf2o_laser_odometry_node[0m
[40.124s] [100%] [32m[1mLinking CXX static library librf2o_laser_odometry.a[0m
[41.860s] [100%] Built target rf2o_laser_odometry
[43.776s] [100%] Built target rf2o_laser_odometry_node
[43.798s] Invoked command in '/home/ceasarmusk/ros2_ws/build/rf2o_laser_odometry' returned '0': CMAKE_PREFIX_PATH=${CMAKE_PREFIX_PATH}:/home/ceasarmusk/ros2_ws/install/reactive_avoidance:/home/ceasarmusk/ros2_ws/install/ardupilot_bridge:/opt/ros/jazzy /usr/bin/cmake --build /home/ceasarmusk/ros2_ws/build/rf2o_laser_odometry -- -j4 -l4
[43.817s] Invoking command in '/home/ceasarmusk/ros2_ws/build/rf2o_laser_odometry': CMAKE_PREFIX_PATH=${CMAKE_PREFIX_PATH}:/home/ceasarmusk/ros2_ws/install/reactive_avoidance:/home/ceasarmusk/ros2_ws/install/ardupilot_bridge:/opt/ros/jazzy /usr/bin/cmake --install /home/ceasarmusk/ros2_ws/build/rf2o_laser_odometry
[43.831s] -- Install configuration: ""
[43.832s] -- Execute custom install script
[43.832s] -- Symlinking: /home/ceasarmusk/ros2_ws/install/rf2o_laser_odometry/lib/rf2o_laser_odometry/rf2o_laser_odometry_node
[43.850s] -- Symlinking: /home/ceasarmusk/ros2_ws/install/rf2o_laser_odometry/share/rf2o_laser_odometry/launch/rf2o_laser_odometry.launch.py
[43.866s] -- Symlinking: /home/ceasarmusk/ros2_ws/install/rf2o_laser_odometry/share/ament_index/resource_index/package_run_dependencies/rf2o_laser_odometry
[43.883s] -- Symlinking: /home/ceasarmusk/ros2_ws/install/rf2o_laser_odometry/share/ament_index/resource_index/parent_prefix_path/rf2o_laser_odometry
[43.901s] -- Symlinking: /home/ceasarmusk/ros2_ws/install/rf2o_laser_odometry/share/rf2o_laser_odometry/environment/ament_prefix_path.sh
[43.917s] -- Symlinking: /home/ceasarmusk/ros2_ws/install/rf2o_laser_odometry/share/rf2o_laser_odometry/environment/ament_prefix_path.dsv
[43.934s] -- Symlinking: /home/ceasarmusk/ros2_ws/install/rf2o_laser_odometry/share/rf2o_laser_odometry/environment/path.sh
[43.950s] -- Symlinking: /home/ceasarmusk/ros2_ws/install/rf2o_laser_odometry/share/rf2o_laser_odometry/environment/path.dsv
[43.966s] -- Symlinking: /home/ceasarmusk/ros2_ws/install/rf2o_laser_odometry/share/rf2o_laser_odometry/local_setup.bash
[43.982s] -- Symlinking: /home/ceasarmusk/ros2_ws/install/rf2o_laser_odometry/share/rf2o_laser_odometry/local_setup.sh
[43.999s] -- Symlinking: /home/ceasarmusk/ros2_ws/install/rf2o_laser_odometry/share/rf2o_laser_odometry/local_setup.zsh
[44.016s] -- Symlinking: /home/ceasarmusk/ros2_ws/install/rf2o_laser_odometry/share/rf2o_laser_odometry/local_setup.dsv
[44.032s] -- Symlinking: /home/ceasarmusk/ros2_ws/install/rf2o_laser_odometry/share/rf2o_laser_odometry/package.dsv
[44.048s] -- Symlinking: /home/ceasarmusk/ros2_ws/install/rf2o_laser_odometry/share/ament_index/resource_index/packages/rf2o_laser_odometry
[44.066s] -- Symlinking: /home/ceasarmusk/ros2_ws/install/rf2o_laser_odometry/share/rf2o_laser_odometry/cmake/rf2o_laser_odometryConfig.cmake
[44.082s] -- Symlinking: /home/ceasarmusk/ros2_ws/install/rf2o_laser_odometry/share/rf2o_laser_odometry/cmake/rf2o_laser_odometryConfig-version.cmake
[44.099s] -- Symlinking: /home/ceasarmusk/ros2_ws/install/rf2o_laser_odometry/share/rf2o_laser_odometry/package.xml
[44.120s] Invoked command in '/home/ceasarmusk/ros2_ws/build/rf2o_laser_odometry' returned '0': CMAKE_PREFIX_PATH=${CMAKE_PREFIX_PATH}:/home/ceasarmusk/ros2_ws/install/reactive_avoidance:/home/ceasarmusk/ros2_ws/install/ardupilot_bridge:/opt/ros/jazzy /usr/bin/cmake --install /home/ceasarmusk/ros2_ws/build/rf2o_laser_odometry
