[1.448s] Invoking command in '/home/ceasarmusk/ros2_ws/src/nav_goal_bridge/build/nav_goal_bridge': PYTHONPATH=/home/ceasarmusk/ros2_ws/src/nav_goal_bridge/build/nav_goal_bridge/prefix_override:/usr/lib/python3/dist-packages/colcon_core/task/python/colcon_distutils_commands:/home/ceasarmusk/ros2_ws/src/nav_goal_bridge/install/nav_goal_bridge/lib/python3.12/site-packages:${PYTHONPATH} /usr/bin/python3 -W ignore:setup.py install is deprecated -W ignore:easy_install command is deprecated setup.py develop --editable --build-directory /home/ceasarmusk/ros2_ws/src/nav_goal_bridge/build/nav_goal_bridge/build --no-deps symlink_data
[1.960s] running develop
[2.268s] running egg_info
[2.268s] creating nav_goal_bridge.egg-info
[2.296s] writing nav_goal_bridge.egg-info/PKG-INFO
[2.299s] writing dependency_links to nav_goal_bridge.egg-info/dependency_links.txt
[2.299s] writing entry points to nav_goal_bridge.egg-info/entry_points.txt
[2.299s] writing requirements to nav_goal_bridge.egg-info/requires.txt
[2.299s] writing top-level names to nav_goal_bridge.egg-info/top_level.txt
[2.299s] writing manifest file 'nav_goal_bridge.egg-info/SOURCES.txt'
[2.357s] reading manifest file 'nav_goal_bridge.egg-info/SOURCES.txt'
[2.358s] writing manifest file 'nav_goal_bridge.egg-info/SOURCES.txt'
[2.389s] running build_ext
[2.389s] Creating /home/ceasarmusk/ros2_ws/src/nav_goal_bridge/install/nav_goal_bridge/lib/python3.12/site-packages/nav-goal-bridge.egg-link (link to .)
[2.389s] Installing move_base_simple_to_nav2 script to /home/ceasarmusk/ros2_ws/src/nav_goal_bridge/install/nav_goal_bridge/lib/nav_goal_bridge
[2.390s] 
[2.390s] Installed /home/ceasarmusk/ros2_ws/src/nav_goal_bridge/build/nav_goal_bridge
[2.390s] running symlink_data
[2.390s] creating /home/ceasarmusk/ros2_ws/src/nav_goal_bridge/install/nav_goal_bridge/share/ament_index
[2.390s] creating /home/ceasarmusk/ros2_ws/src/nav_goal_bridge/install/nav_goal_bridge/share/ament_index/resource_index
[2.390s] creating /home/ceasarmusk/ros2_ws/src/nav_goal_bridge/install/nav_goal_bridge/share/ament_index/resource_index/packages
[2.391s] symbolically linking /home/ceasarmusk/ros2_ws/src/nav_goal_bridge/build/nav_goal_bridge/resource/nav_goal_bridge -> /home/ceasarmusk/ros2_ws/src/nav_goal_bridge/install/nav_goal_bridge/share/ament_index/resource_index/packages
[2.391s] symbolically linking /home/ceasarmusk/ros2_ws/src/nav_goal_bridge/build/nav_goal_bridge/package.xml -> /home/ceasarmusk/ros2_ws/src/nav_goal_bridge/install/nav_goal_bridge/share/nav_goal_bridge
[2.499s] Invoked command in '/home/ceasarmusk/ros2_ws/src/nav_goal_bridge/build/nav_goal_bridge' returned '0': PYTHONPATH=/home/ceasarmusk/ros2_ws/src/nav_goal_bridge/build/nav_goal_bridge/prefix_override:/usr/lib/python3/dist-packages/colcon_core/task/python/colcon_distutils_commands:/home/ceasarmusk/ros2_ws/src/nav_goal_bridge/install/nav_goal_bridge/lib/python3.12/site-packages:${PYTHONPATH} /usr/bin/python3 -W ignore:setup.py install is deprecated -W ignore:easy_install command is deprecated setup.py develop --editable --build-directory /home/ceasarmusk/ros2_ws/src/nav_goal_bridge/build/nav_goal_bridge/build --no-deps symlink_data
