/home/ceasarmusk/ros2_ws/install/ardupilot_bridge/lib/python3.12/site-packages/ardupilot_bridge/__init__.py
/home/ceasarmusk/ros2_ws/install/ardupilot_bridge/lib/python3.12/site-packages/ardupilot_bridge/cmd_vel_to_guided.py
/home/ceasarmusk/ros2_ws/install/ardupilot_bridge/lib/python3.12/site-packages/ardupilot_bridge/odom_to_mavlink.py
/home/ceasarmusk/ros2_ws/install/ardupilot_bridge/lib/python3.12/site-packages/ardupilot_bridge/scan_to_obstacle_distance.py
/home/ceasarmusk/ros2_ws/install/ardupilot_bridge/lib/python3.12/site-packages/ardupilot_bridge/__pycache__/__init__.cpython-312.pyc
/home/ceasarmusk/ros2_ws/install/ardupilot_bridge/lib/python3.12/site-packages/ardupilot_bridge/__pycache__/cmd_vel_to_guided.cpython-312.pyc
/home/ceasarmusk/ros2_ws/install/ardupilot_bridge/lib/python3.12/site-packages/ardupilot_bridge/__pycache__/odom_to_mavlink.cpython-312.pyc
/home/ceasarmusk/ros2_ws/install/ardupilot_bridge/lib/python3.12/site-packages/ardupilot_bridge/__pycache__/scan_to_obstacle_distance.cpython-312.pyc
/home/ceasarmusk/ros2_ws/install/ardupilot_bridge/share/ament_index/resource_index/packages/ardupilot_bridge
/home/ceasarmusk/ros2_ws/install/ardupilot_bridge/share/ardupilot_bridge/package.xml
/home/ceasarmusk/ros2_ws/install/ardupilot_bridge/lib/python3.12/site-packages/ardupilot_bridge-0.0.0-py3.12.egg-info/requires.txt
/home/ceasarmusk/ros2_ws/install/ardupilot_bridge/lib/python3.12/site-packages/ardupilot_bridge-0.0.0-py3.12.egg-info/top_level.txt
/home/ceasarmusk/ros2_ws/install/ardupilot_bridge/lib/python3.12/site-packages/ardupilot_bridge-0.0.0-py3.12.egg-info/zip-safe
/home/ceasarmusk/ros2_ws/install/ardupilot_bridge/lib/python3.12/site-packages/ardupilot_bridge-0.0.0-py3.12.egg-info/PKG-INFO
/home/ceasarmusk/ros2_ws/install/ardupilot_bridge/lib/python3.12/site-packages/ardupilot_bridge-0.0.0-py3.12.egg-info/SOURCES.txt
/home/ceasarmusk/ros2_ws/install/ardupilot_bridge/lib/python3.12/site-packages/ardupilot_bridge-0.0.0-py3.12.egg-info/dependency_links.txt
/home/ceasarmusk/ros2_ws/install/ardupilot_bridge/lib/python3.12/site-packages/ardupilot_bridge-0.0.0-py3.12.egg-info/entry_points.txt
/home/ceasarmusk/ros2_ws/install/ardupilot_bridge/lib/ardupilot_bridge/cmd_vel_to_guided
/home/ceasarmusk/ros2_ws/install/ardupilot_bridge/lib/ardupilot_bridge/odom_to_mavlink
/home/ceasarmusk/ros2_ws/install/ardupilot_bridge/lib/ardupilot_bridge/scan_to_obstacle_distance
