[0.248s] DEBUG:colcon:Command line arguments: ['/usr/bin/colcon', 'build', '--packages-select', 'ardupilot_bridge', '--symlink-install']
[0.248s] DEBUG:colcon:Parsed command line arguments: Namespace(log_base=None, log_level=None, verb_name='build', build_base='build', install_base='install', merge_install=False, symlink_install=True, test_result_base=None, continue_on_error=False, executor='parallel', parallel_workers=4, event_handlers=None, ignore_user_meta=False, metas=['./colcon.meta'], base_paths=['.'], packages_ignore=None, packages_ignore_regex=None, paths=None, packages_up_to=None, packages_up_to_regex=None, packages_above=None, packages_above_and_dependencies=None, packages_above_depth=None, packages_select_by_dep=None, packages_skip_by_dep=None, packages_skip_up_to=None, packages_select_build_failed=False, packages_skip_build_finished=False, packages_select_test_failures=False, packages_skip_test_passed=False, packages_select=['ardupilot_bridge'], packages_skip=None, packages_select_regex=None, packages_skip_regex=None, packages_start=None, packages_end=None, cmake_args=None, cmake_target=None, cmake_target_skip_unavailable=False, cmake_clean_cache=False, cmake_clean_first=False, cmake_force_configure=False, ament_cmake_args=None, catkin_cmake_args=None, catkin_skip_building_tests=False, verb_parser=<colcon_defaults.argument_parser.defaults.DefaultArgumentsDecorator object at 0xffffad01ca10>, verb_extension=<colcon_core.verb.build.BuildVerb object at 0xffffad20c8f0>, main=<bound method BuildVerb.main of <colcon_core.verb.build.BuildVerb object at 0xffffad20c8f0>>)
[0.366s] Level 1:colcon.colcon_core.package_discovery:discover_packages(colcon_meta) check parameters
[0.366s] Level 1:colcon.colcon_core.package_discovery:discover_packages(recursive) check parameters
[0.367s] Level 1:colcon.colcon_core.package_discovery:discover_packages(ignore) check parameters
[0.367s] Level 1:colcon.colcon_core.package_discovery:discover_packages(path) check parameters
[0.367s] Level 1:colcon.colcon_core.package_discovery:discover_packages(colcon_meta) discover
[0.367s] Level 1:colcon.colcon_core.package_discovery:discover_packages(recursive) discover
[0.367s] INFO:colcon.colcon_core.package_discovery:Crawling recursively for packages in '/home/ceasarmusk/ros2_ws/src'
[0.367s] Level 1:colcon.colcon_core.package_identification:_identify(.) by extensions ['ignore', 'ignore_ament_install']
[0.367s] Level 1:colcon.colcon_core.package_identification:_identify(.) by extension 'ignore'
[0.367s] Level 1:colcon.colcon_core.package_identification:_identify(.) by extension 'ignore_ament_install'
[0.367s] Level 1:colcon.colcon_core.package_identification:_identify(.) by extensions ['colcon_pkg']
[0.367s] Level 1:colcon.colcon_core.package_identification:_identify(.) by extension 'colcon_pkg'
[0.368s] Level 1:colcon.colcon_core.package_identification:_identify(.) by extensions ['colcon_meta']
[0.368s] Level 1:colcon.colcon_core.package_identification:_identify(.) by extension 'colcon_meta'
[0.368s] Level 1:colcon.colcon_core.package_identification:_identify(.) by extensions ['ros']
[0.368s] Level 1:colcon.colcon_core.package_identification:_identify(.) by extension 'ros'
[0.405s] Level 1:colcon.colcon_core.package_identification:_identify(.) by extensions ['cmake', 'python']
[0.405s] Level 1:colcon.colcon_core.package_identification:_identify(.) by extension 'cmake'
[0.405s] Level 1:colcon.colcon_core.package_identification:_identify(.) by extension 'python'
[0.405s] Level 1:colcon.colcon_core.package_identification:_identify(.) by extensions ['python_setup_py']
[0.405s] Level 1:colcon.colcon_core.package_identification:_identify(.) by extension 'python_setup_py'
[0.406s] Level 1:colcon.colcon_core.package_identification:_identify(ardupilot_bridge) by extensions ['ignore', 'ignore_ament_install']
[0.406s] Level 1:colcon.colcon_core.package_identification:_identify(ardupilot_bridge) by extension 'ignore'
[0.406s] Level 1:colcon.colcon_core.package_identification:_identify(ardupilot_bridge) by extension 'ignore_ament_install'
[0.406s] Level 1:colcon.colcon_core.package_identification:_identify(ardupilot_bridge) by extensions ['colcon_pkg']
[0.406s] Level 1:colcon.colcon_core.package_identification:_identify(ardupilot_bridge) by extension 'colcon_pkg'
[0.406s] Level 1:colcon.colcon_core.package_identification:_identify(ardupilot_bridge) by extensions ['colcon_meta']
[0.406s] Level 1:colcon.colcon_core.package_identification:_identify(ardupilot_bridge) by extension 'colcon_meta'
[0.406s] Level 1:colcon.colcon_core.package_identification:_identify(ardupilot_bridge) by extensions ['ros']
[0.406s] Level 1:colcon.colcon_core.package_identification:_identify(ardupilot_bridge) by extension 'ros'
[0.411s] DEBUG:colcon.colcon_core.package_identification:Package 'ardupilot_bridge' with type 'ros.ament_python' and name 'ardupilot_bridge'
[0.411s] Level 1:colcon.colcon_core.package_identification:_identify(build) by extensions ['ignore', 'ignore_ament_install']
[0.411s] Level 1:colcon.colcon_core.package_identification:_identify(build) by extension 'ignore'
[0.411s] Level 1:colcon.colcon_core.package_identification:_identify(build) ignored
[0.412s] Level 1:colcon.colcon_core.package_identification:_identify(install) by extensions ['ignore', 'ignore_ament_install']
[0.412s] Level 1:colcon.colcon_core.package_identification:_identify(install) by extension 'ignore'
[0.412s] Level 1:colcon.colcon_core.package_identification:_identify(install) ignored
[0.412s] Level 1:colcon.colcon_core.package_identification:_identify(ldrobot-lidar-ros2) by extensions ['ignore', 'ignore_ament_install']
[0.412s] Level 1:colcon.colcon_core.package_identification:_identify(ldrobot-lidar-ros2) by extension 'ignore'
[0.412s] Level 1:colcon.colcon_core.package_identification:_identify(ldrobot-lidar-ros2) by extension 'ignore_ament_install'
[0.412s] Level 1:colcon.colcon_core.package_identification:_identify(ldrobot-lidar-ros2) by extensions ['colcon_pkg']
[0.412s] Level 1:colcon.colcon_core.package_identification:_identify(ldrobot-lidar-ros2) by extension 'colcon_pkg'
[0.412s] Level 1:colcon.colcon_core.package_identification:_identify(ldrobot-lidar-ros2) by extensions ['colcon_meta']
[0.412s] Level 1:colcon.colcon_core.package_identification:_identify(ldrobot-lidar-ros2) by extension 'colcon_meta'
[0.412s] Level 1:colcon.colcon_core.package_identification:_identify(ldrobot-lidar-ros2) by extensions ['ros']
[0.412s] Level 1:colcon.colcon_core.package_identification:_identify(ldrobot-lidar-ros2) by extension 'ros'
[0.412s] Level 1:colcon.colcon_core.package_identification:_identify(ldrobot-lidar-ros2) by extensions ['cmake', 'python']
[0.412s] Level 1:colcon.colcon_core.package_identification:_identify(ldrobot-lidar-ros2) by extension 'cmake'
[0.412s] Level 1:colcon.colcon_core.package_identification:_identify(ldrobot-lidar-ros2) by extension 'python'
[0.413s] Level 1:colcon.colcon_core.package_identification:_identify(ldrobot-lidar-ros2) by extensions ['python_setup_py']
[0.413s] Level 1:colcon.colcon_core.package_identification:_identify(ldrobot-lidar-ros2) by extension 'python_setup_py'
[0.413s] Level 1:colcon.colcon_core.package_identification:_identify(ldrobot-lidar-ros2/3d_model) by extensions ['ignore', 'ignore_ament_install']
[0.413s] Level 1:colcon.colcon_core.package_identification:_identify(ldrobot-lidar-ros2/3d_model) by extension 'ignore'
[0.413s] Level 1:colcon.colcon_core.package_identification:_identify(ldrobot-lidar-ros2/3d_model) by extension 'ignore_ament_install'
[0.413s] Level 1:colcon.colcon_core.package_identification:_identify(ldrobot-lidar-ros2/3d_model) by extensions ['colcon_pkg']
[0.413s] Level 1:colcon.colcon_core.package_identification:_identify(ldrobot-lidar-ros2/3d_model) by extension 'colcon_pkg'
[0.413s] Level 1:colcon.colcon_core.package_identification:_identify(ldrobot-lidar-ros2/3d_model) by extensions ['colcon_meta']
[0.414s] Level 1:colcon.colcon_core.package_identification:_identify(ldrobot-lidar-ros2/3d_model) by extension 'colcon_meta'
[0.414s] Level 1:colcon.colcon_core.package_identification:_identify(ldrobot-lidar-ros2/3d_model) by extensions ['ros']
[0.414s] Level 1:colcon.colcon_core.package_identification:_identify(ldrobot-lidar-ros2/3d_model) by extension 'ros'
[0.414s] Level 1:colcon.colcon_core.package_identification:_identify(ldrobot-lidar-ros2/3d_model) by extensions ['cmake', 'python']
[0.414s] Level 1:colcon.colcon_core.package_identification:_identify(ldrobot-lidar-ros2/3d_model) by extension 'cmake'
[0.414s] Level 1:colcon.colcon_core.package_identification:_identify(ldrobot-lidar-ros2/3d_model) by extension 'python'
[0.414s] Level 1:colcon.colcon_core.package_identification:_identify(ldrobot-lidar-ros2/3d_model) by extensions ['python_setup_py']
[0.414s] Level 1:colcon.colcon_core.package_identification:_identify(ldrobot-lidar-ros2/3d_model) by extension 'python_setup_py'
[0.414s] Level 1:colcon.colcon_core.package_identification:_identify(ldrobot-lidar-ros2/docs) by extensions ['ignore', 'ignore_ament_install']
[0.414s] Level 1:colcon.colcon_core.package_identification:_identify(ldrobot-lidar-ros2/docs) by extension 'ignore'
[0.414s] Level 1:colcon.colcon_core.package_identification:_identify(ldrobot-lidar-ros2/docs) by extension 'ignore_ament_install'
[0.415s] Level 1:colcon.colcon_core.package_identification:_identify(ldrobot-lidar-ros2/docs) by extensions ['colcon_pkg']
[0.415s] Level 1:colcon.colcon_core.package_identification:_identify(ldrobot-lidar-ros2/docs) by extension 'colcon_pkg'
[0.415s] Level 1:colcon.colcon_core.package_identification:_identify(ldrobot-lidar-ros2/docs) by extensions ['colcon_meta']
[0.415s] Level 1:colcon.colcon_core.package_identification:_identify(ldrobot-lidar-ros2/docs) by extension 'colcon_meta'
[0.415s] Level 1:colcon.colcon_core.package_identification:_identify(ldrobot-lidar-ros2/docs) by extensions ['ros']
[0.415s] Level 1:colcon.colcon_core.package_identification:_identify(ldrobot-lidar-ros2/docs) by extension 'ros'
[0.415s] Level 1:colcon.colcon_core.package_identification:_identify(ldrobot-lidar-ros2/docs) by extensions ['cmake', 'python']
[0.415s] Level 1:colcon.colcon_core.package_identification:_identify(ldrobot-lidar-ros2/docs) by extension 'cmake'
[0.415s] Level 1:colcon.colcon_core.package_identification:_identify(ldrobot-lidar-ros2/docs) by extension 'python'
[0.415s] Level 1:colcon.colcon_core.package_identification:_identify(ldrobot-lidar-ros2/docs) by extensions ['python_setup_py']
[0.415s] Level 1:colcon.colcon_core.package_identification:_identify(ldrobot-lidar-ros2/docs) by extension 'python_setup_py'
[0.415s] Level 1:colcon.colcon_core.package_identification:_identify(ldrobot-lidar-ros2/images) by extensions ['ignore', 'ignore_ament_install']
[0.415s] Level 1:colcon.colcon_core.package_identification:_identify(ldrobot-lidar-ros2/images) by extension 'ignore'
[0.416s] Level 1:colcon.colcon_core.package_identification:_identify(ldrobot-lidar-ros2/images) by extension 'ignore_ament_install'
[0.416s] Level 1:colcon.colcon_core.package_identification:_identify(ldrobot-lidar-ros2/images) by extensions ['colcon_pkg']
[0.416s] Level 1:colcon.colcon_core.package_identification:_identify(ldrobot-lidar-ros2/images) by extension 'colcon_pkg'
[0.416s] Level 1:colcon.colcon_core.package_identification:_identify(ldrobot-lidar-ros2/images) by extensions ['colcon_meta']
[0.416s] Level 1:colcon.colcon_core.package_identification:_identify(ldrobot-lidar-ros2/images) by extension 'colcon_meta'
[0.416s] Level 1:colcon.colcon_core.package_identification:_identify(ldrobot-lidar-ros2/images) by extensions ['ros']
[0.416s] Level 1:colcon.colcon_core.package_identification:_identify(ldrobot-lidar-ros2/images) by extension 'ros'
[0.416s] Level 1:colcon.colcon_core.package_identification:_identify(ldrobot-lidar-ros2/images) by extensions ['cmake', 'python']
[0.416s] Level 1:colcon.colcon_core.package_identification:_identify(ldrobot-lidar-ros2/images) by extension 'cmake'
[0.416s] Level 1:colcon.colcon_core.package_identification:_identify(ldrobot-lidar-ros2/images) by extension 'python'
[0.416s] Level 1:colcon.colcon_core.package_identification:_identify(ldrobot-lidar-ros2/images) by extensions ['python_setup_py']
[0.416s] Level 1:colcon.colcon_core.package_identification:_identify(ldrobot-lidar-ros2/images) by extension 'python_setup_py'
[0.416s] Level 1:colcon.colcon_core.package_identification:_identify(ldrobot-lidar-ros2/ldlidar) by extensions ['ignore', 'ignore_ament_install']
[0.416s] Level 1:colcon.colcon_core.package_identification:_identify(ldrobot-lidar-ros2/ldlidar) by extension 'ignore'
[0.417s] Level 1:colcon.colcon_core.package_identification:_identify(ldrobot-lidar-ros2/ldlidar) by extension 'ignore_ament_install'
[0.417s] Level 1:colcon.colcon_core.package_identification:_identify(ldrobot-lidar-ros2/ldlidar) by extensions ['colcon_pkg']
[0.417s] Level 1:colcon.colcon_core.package_identification:_identify(ldrobot-lidar-ros2/ldlidar) by extension 'colcon_pkg'
[0.417s] Level 1:colcon.colcon_core.package_identification:_identify(ldrobot-lidar-ros2/ldlidar) by extensions ['colcon_meta']
[0.417s] Level 1:colcon.colcon_core.package_identification:_identify(ldrobot-lidar-ros2/ldlidar) by extension 'colcon_meta'
[0.417s] Level 1:colcon.colcon_core.package_identification:_identify(ldrobot-lidar-ros2/ldlidar) by extensions ['ros']
[0.417s] Level 1:colcon.colcon_core.package_identification:_identify(ldrobot-lidar-ros2/ldlidar) by extension 'ros'
[0.418s] DEBUG:colcon.colcon_core.package_identification:Package 'ldrobot-lidar-ros2/ldlidar' with type 'ros.ament_cmake' and name 'ldlidar'
[0.418s] Level 1:colcon.colcon_core.package_identification:_identify(ldrobot-lidar-ros2/ldlidar_component) by extensions ['ignore', 'ignore_ament_install']
[0.419s] Level 1:colcon.colcon_core.package_identification:_identify(ldrobot-lidar-ros2/ldlidar_component) by extension 'ignore'
[0.419s] Level 1:colcon.colcon_core.package_identification:_identify(ldrobot-lidar-ros2/ldlidar_component) by extension 'ignore_ament_install'
[0.419s] Level 1:colcon.colcon_core.package_identification:_identify(ldrobot-lidar-ros2/ldlidar_component) by extensions ['colcon_pkg']
[0.419s] Level 1:colcon.colcon_core.package_identification:_identify(ldrobot-lidar-ros2/ldlidar_component) by extension 'colcon_pkg'
[0.419s] Level 1:colcon.colcon_core.package_identification:_identify(ldrobot-lidar-ros2/ldlidar_component) by extensions ['colcon_meta']
[0.419s] Level 1:colcon.colcon_core.package_identification:_identify(ldrobot-lidar-ros2/ldlidar_component) by extension 'colcon_meta'
[0.419s] Level 1:colcon.colcon_core.package_identification:_identify(ldrobot-lidar-ros2/ldlidar_component) by extensions ['ros']
[0.419s] Level 1:colcon.colcon_core.package_identification:_identify(ldrobot-lidar-ros2/ldlidar_component) by extension 'ros'
[0.423s] DEBUG:colcon.colcon_core.package_identification:Package 'ldrobot-lidar-ros2/ldlidar_component' with type 'ros.ament_cmake' and name 'ldlidar_component'
[0.423s] Level 1:colcon.colcon_core.package_identification:_identify(ldrobot-lidar-ros2/ldlidar_node) by extensions ['ignore', 'ignore_ament_install']
[0.423s] Level 1:colcon.colcon_core.package_identification:_identify(ldrobot-lidar-ros2/ldlidar_node) by extension 'ignore'
[0.423s] Level 1:colcon.colcon_core.package_identification:_identify(ldrobot-lidar-ros2/ldlidar_node) by extension 'ignore_ament_install'
[0.423s] Level 1:colcon.colcon_core.package_identification:_identify(ldrobot-lidar-ros2/ldlidar_node) by extensions ['colcon_pkg']
[0.423s] Level 1:colcon.colcon_core.package_identification:_identify(ldrobot-lidar-ros2/ldlidar_node) by extension 'colcon_pkg'
[0.423s] Level 1:colcon.colcon_core.package_identification:_identify(ldrobot-lidar-ros2/ldlidar_node) by extensions ['colcon_meta']
[0.423s] Level 1:colcon.colcon_core.package_identification:_identify(ldrobot-lidar-ros2/ldlidar_node) by extension 'colcon_meta'
[0.423s] Level 1:colcon.colcon_core.package_identification:_identify(ldrobot-lidar-ros2/ldlidar_node) by extensions ['ros']
[0.423s] Level 1:colcon.colcon_core.package_identification:_identify(ldrobot-lidar-ros2/ldlidar_node) by extension 'ros'
[0.425s] DEBUG:colcon.colcon_core.package_identification:Package 'ldrobot-lidar-ros2/ldlidar_node' with type 'ros.ament_cmake' and name 'ldlidar_node'
[0.425s] Level 1:colcon.colcon_core.package_identification:_identify(ldrobot-lidar-ros2/rules) by extensions ['ignore', 'ignore_ament_install']
[0.425s] Level 1:colcon.colcon_core.package_identification:_identify(ldrobot-lidar-ros2/rules) by extension 'ignore'
[0.425s] Level 1:colcon.colcon_core.package_identification:_identify(ldrobot-lidar-ros2/rules) by extension 'ignore_ament_install'
[0.425s] Level 1:colcon.colcon_core.package_identification:_identify(ldrobot-lidar-ros2/rules) by extensions ['colcon_pkg']
[0.426s] Level 1:colcon.colcon_core.package_identification:_identify(ldrobot-lidar-ros2/rules) by extension 'colcon_pkg'
[0.426s] Level 1:colcon.colcon_core.package_identification:_identify(ldrobot-lidar-ros2/rules) by extensions ['colcon_meta']
[0.426s] Level 1:colcon.colcon_core.package_identification:_identify(ldrobot-lidar-ros2/rules) by extension 'colcon_meta'
[0.426s] Level 1:colcon.colcon_core.package_identification:_identify(ldrobot-lidar-ros2/rules) by extensions ['ros']
[0.426s] Level 1:colcon.colcon_core.package_identification:_identify(ldrobot-lidar-ros2/rules) by extension 'ros'
[0.426s] Level 1:colcon.colcon_core.package_identification:_identify(ldrobot-lidar-ros2/rules) by extensions ['cmake', 'python']
[0.426s] Level 1:colcon.colcon_core.package_identification:_identify(ldrobot-lidar-ros2/rules) by extension 'cmake'
[0.426s] Level 1:colcon.colcon_core.package_identification:_identify(ldrobot-lidar-ros2/rules) by extension 'python'
[0.426s] Level 1:colcon.colcon_core.package_identification:_identify(ldrobot-lidar-ros2/rules) by extensions ['python_setup_py']
[0.426s] Level 1:colcon.colcon_core.package_identification:_identify(ldrobot-lidar-ros2/rules) by extension 'python_setup_py'
[0.426s] Level 1:colcon.colcon_core.package_identification:_identify(ldrobot-lidar-ros2/scripts) by extensions ['ignore', 'ignore_ament_install']
[0.427s] Level 1:colcon.colcon_core.package_identification:_identify(ldrobot-lidar-ros2/scripts) by extension 'ignore'
[0.427s] Level 1:colcon.colcon_core.package_identification:_identify(ldrobot-lidar-ros2/scripts) by extension 'ignore_ament_install'
[0.427s] Level 1:colcon.colcon_core.package_identification:_identify(ldrobot-lidar-ros2/scripts) by extensions ['colcon_pkg']
[0.427s] Level 1:colcon.colcon_core.package_identification:_identify(ldrobot-lidar-ros2/scripts) by extension 'colcon_pkg'
[0.427s] Level 1:colcon.colcon_core.package_identification:_identify(ldrobot-lidar-ros2/scripts) by extensions ['colcon_meta']
[0.427s] Level 1:colcon.colcon_core.package_identification:_identify(ldrobot-lidar-ros2/scripts) by extension 'colcon_meta'
[0.427s] Level 1:colcon.colcon_core.package_identification:_identify(ldrobot-lidar-ros2/scripts) by extensions ['ros']
[0.427s] Level 1:colcon.colcon_core.package_identification:_identify(ldrobot-lidar-ros2/scripts) by extension 'ros'
[0.427s] Level 1:colcon.colcon_core.package_identification:_identify(ldrobot-lidar-ros2/scripts) by extensions ['cmake', 'python']
[0.427s] Level 1:colcon.colcon_core.package_identification:_identify(ldrobot-lidar-ros2/scripts) by extension 'cmake'
[0.427s] Level 1:colcon.colcon_core.package_identification:_identify(ldrobot-lidar-ros2/scripts) by extension 'python'
[0.427s] Level 1:colcon.colcon_core.package_identification:_identify(ldrobot-lidar-ros2/scripts) by extensions ['python_setup_py']
[0.427s] Level 1:colcon.colcon_core.package_identification:_identify(ldrobot-lidar-ros2/scripts) by extension 'python_setup_py'
[0.427s] Level 1:colcon.colcon_core.package_identification:_identify(log) by extensions ['ignore', 'ignore_ament_install']
[0.427s] Level 1:colcon.colcon_core.package_identification:_identify(log) by extension 'ignore'
[0.427s] Level 1:colcon.colcon_core.package_identification:_identify(log) ignored
[0.428s] Level 1:colcon.colcon_core.package_identification:_identify(reactive_avoidance) by extensions ['ignore', 'ignore_ament_install']
[0.428s] Level 1:colcon.colcon_core.package_identification:_identify(reactive_avoidance) by extension 'ignore'
[0.428s] Level 1:colcon.colcon_core.package_identification:_identify(reactive_avoidance) by extension 'ignore_ament_install'
[0.428s] Level 1:colcon.colcon_core.package_identification:_identify(reactive_avoidance) by extensions ['colcon_pkg']
[0.428s] Level 1:colcon.colcon_core.package_identification:_identify(reactive_avoidance) by extension 'colcon_pkg'
[0.428s] Level 1:colcon.colcon_core.package_identification:_identify(reactive_avoidance) by extensions ['colcon_meta']
[0.428s] Level 1:colcon.colcon_core.package_identification:_identify(reactive_avoidance) by extension 'colcon_meta'
[0.428s] Level 1:colcon.colcon_core.package_identification:_identify(reactive_avoidance) by extensions ['ros']
[0.428s] Level 1:colcon.colcon_core.package_identification:_identify(reactive_avoidance) by extension 'ros'
[0.429s] DEBUG:colcon.colcon_core.package_identification:Package 'reactive_avoidance' with type 'ros.ament_python' and name 'reactive_avoidance'
[0.429s] Level 1:colcon.colcon_core.package_discovery:discover_packages(recursive) using defaults
[0.429s] Level 1:colcon.colcon_core.package_discovery:discover_packages(ignore) discover
[0.429s] Level 1:colcon.colcon_core.package_discovery:discover_packages(ignore) using defaults
[0.430s] Level 1:colcon.colcon_core.package_discovery:discover_packages(path) discover
[0.430s] Level 1:colcon.colcon_core.package_discovery:discover_packages(path) using defaults
[0.466s] INFO:colcon.colcon_core.package_selection:Skipping not selected package 'ldlidar_component' in 'ldrobot-lidar-ros2/ldlidar_component'
[0.466s] INFO:colcon.colcon_core.package_selection:Skipping not selected package 'reactive_avoidance' in 'reactive_avoidance'
[0.466s] INFO:colcon.colcon_core.package_selection:Skipping not selected package 'ldlidar_node' in 'ldrobot-lidar-ros2/ldlidar_node'
[0.466s] INFO:colcon.colcon_core.package_selection:Skipping not selected package 'ldlidar' in 'ldrobot-lidar-ros2/ldlidar'
[0.466s] Level 5:colcon.colcon_core.verb:set package 'ardupilot_bridge' build argument 'cmake_args' from command line to 'None'
[0.467s] Level 5:colcon.colcon_core.verb:set package 'ardupilot_bridge' build argument 'cmake_target' from command line to 'None'
[0.467s] Level 5:colcon.colcon_core.verb:set package 'ardupilot_bridge' build argument 'cmake_target_skip_unavailable' from command line to 'False'
[0.467s] Level 5:colcon.colcon_core.verb:set package 'ardupilot_bridge' build argument 'cmake_clean_cache' from command line to 'False'
[0.467s] Level 5:colcon.colcon_core.verb:set package 'ardupilot_bridge' build argument 'cmake_clean_first' from command line to 'False'
[0.467s] Level 5:colcon.colcon_core.verb:set package 'ardupilot_bridge' build argument 'cmake_force_configure' from command line to 'False'
[0.467s] Level 5:colcon.colcon_core.verb:set package 'ardupilot_bridge' build argument 'ament_cmake_args' from command line to 'None'
[0.467s] Level 5:colcon.colcon_core.verb:set package 'ardupilot_bridge' build argument 'catkin_cmake_args' from command line to 'None'
[0.467s] Level 5:colcon.colcon_core.verb:set package 'ardupilot_bridge' build argument 'catkin_skip_building_tests' from command line to 'False'
[0.467s] DEBUG:colcon.colcon_core.verb:Building package 'ardupilot_bridge' with the following arguments: {'ament_cmake_args': None, 'build_base': '/home/ceasarmusk/ros2_ws/src/build/ardupilot_bridge', 'catkin_cmake_args': None, 'catkin_skip_building_tests': False, 'cmake_args': None, 'cmake_clean_cache': False, 'cmake_clean_first': False, 'cmake_force_configure': False, 'cmake_target': None, 'cmake_target_skip_unavailable': False, 'install_base': '/home/ceasarmusk/ros2_ws/src/install/ardupilot_bridge', 'merge_install': False, 'path': '/home/ceasarmusk/ros2_ws/src/ardupilot_bridge', 'symlink_install': True, 'test_result_base': None}
[0.467s] INFO:colcon.colcon_core.executor:Executing jobs using 'parallel' executor
[0.468s] DEBUG:colcon.colcon_parallel_executor.executor.parallel:run_until_complete
[0.469s] INFO:colcon.colcon_ros.task.ament_python.build:Building ROS package in '/home/ceasarmusk/ros2_ws/src/ardupilot_bridge' with build type 'ament_python'
[0.469s] Level 1:colcon.colcon_core.shell:create_environment_hook('ardupilot_bridge', 'ament_prefix_path')
[0.478s] INFO:colcon.colcon_core.plugin_system:Skipping extension 'colcon_core.shell.bat': Not used on non-Windows systems
[0.478s] INFO:colcon.colcon_core.shell:Creating environment descriptor '/home/ceasarmusk/ros2_ws/src/install/ardupilot_bridge/share/ardupilot_bridge/hook/ament_prefix_path.dsv'
[0.480s] INFO:colcon.colcon_core.shell:Creating environment hook '/home/ceasarmusk/ros2_ws/src/install/ardupilot_bridge/share/ardupilot_bridge/hook/ament_prefix_path.sh'
[0.481s] DEBUG:colcon.colcon_core.shell:Skip shell extension 'dsv' for command environment
[0.812s] INFO:colcon.colcon_core.task.python.build:Building Python package in '/home/ceasarmusk/ros2_ws/src/ardupilot_bridge'
[0.812s] DEBUG:colcon.colcon_core.shell:Skip shell extension 'dsv' for command environment
[1.930s] DEBUG:colcon.colcon_core.event_handler.log_command:Invoking command in '/home/ceasarmusk/ros2_ws/src/build/ardupilot_bridge': PYTHONPATH=/home/ceasarmusk/ros2_ws/src/build/ardupilot_bridge/prefix_override:/usr/lib/python3/dist-packages/colcon_core/task/python/colcon_distutils_commands:/home/ceasarmusk/ros2_ws/src/install/ardupilot_bridge/lib/python3.12/site-packages:${PYTHONPATH} /usr/bin/python3 -W ignore:setup.py install is deprecated -W ignore:easy_install command is deprecated setup.py develop --editable --build-directory /home/ceasarmusk/ros2_ws/src/build/ardupilot_bridge/build --no-deps symlink_data
[2.806s] Level 1:colcon.colcon_core.shell:create_environment_hook('ardupilot_bridge', 'pythonpath_develop')
[2.807s] INFO:colcon.colcon_core.shell:Creating environment descriptor '/home/ceasarmusk/ros2_ws/src/build/ardupilot_bridge/share/ardupilot_bridge/hook/pythonpath_develop.dsv'
[2.807s] DEBUG:colcon.colcon_core.event_handler.log_command:Invoked command in '/home/ceasarmusk/ros2_ws/src/build/ardupilot_bridge' returned '0': PYTHONPATH=/home/ceasarmusk/ros2_ws/src/build/ardupilot_bridge/prefix_override:/usr/lib/python3/dist-packages/colcon_core/task/python/colcon_distutils_commands:/home/ceasarmusk/ros2_ws/src/install/ardupilot_bridge/lib/python3.12/site-packages:${PYTHONPATH} /usr/bin/python3 -W ignore:setup.py install is deprecated -W ignore:easy_install command is deprecated setup.py develop --editable --build-directory /home/ceasarmusk/ros2_ws/src/build/ardupilot_bridge/build --no-deps symlink_data
[2.808s] INFO:colcon.colcon_core.shell:Creating environment hook '/home/ceasarmusk/ros2_ws/src/build/ardupilot_bridge/share/ardupilot_bridge/hook/pythonpath_develop.sh'
[2.819s] Level 1:colcon.colcon_core.environment:checking '/home/ceasarmusk/ros2_ws/src/install/ardupilot_bridge' for CMake module files
[2.819s] Level 1:colcon.colcon_core.environment:checking '/home/ceasarmusk/ros2_ws/src/install/ardupilot_bridge' for CMake config files
[2.820s] Level 1:colcon.colcon_core.environment:checking '/home/ceasarmusk/ros2_ws/src/install/ardupilot_bridge/lib'
[2.821s] Level 1:colcon.colcon_core.environment:checking '/home/ceasarmusk/ros2_ws/src/install/ardupilot_bridge/bin'
[2.821s] Level 1:colcon.colcon_core.environment:checking '/home/ceasarmusk/ros2_ws/src/install/ardupilot_bridge/lib/pkgconfig/ardupilot_bridge.pc'
[2.821s] Level 1:colcon.colcon_core.environment:checking '/home/ceasarmusk/ros2_ws/src/install/ardupilot_bridge/lib/python3.12/site-packages'
[2.821s] Level 1:colcon.colcon_core.shell:create_environment_hook('ardupilot_bridge', 'pythonpath')
[2.821s] INFO:colcon.colcon_core.shell:Creating environment descriptor '/home/ceasarmusk/ros2_ws/src/install/ardupilot_bridge/share/ardupilot_bridge/hook/pythonpath.dsv'
[2.822s] INFO:colcon.colcon_core.shell:Creating environment hook '/home/ceasarmusk/ros2_ws/src/install/ardupilot_bridge/share/ardupilot_bridge/hook/pythonpath.sh'
[2.823s] Level 1:colcon.colcon_core.environment:checking '/home/ceasarmusk/ros2_ws/src/install/ardupilot_bridge/bin'
[2.823s] Level 1:colcon.colcon_core.environment:create_environment_scripts_only(ardupilot_bridge)
[2.824s] INFO:colcon.colcon_core.shell:Creating package descriptor '/home/ceasarmusk/ros2_ws/src/install/ardupilot_bridge/share/ardupilot_bridge/package.dsv'
[2.825s] INFO:colcon.colcon_core.shell:Creating package script '/home/ceasarmusk/ros2_ws/src/install/ardupilot_bridge/share/ardupilot_bridge/package.sh'
[2.826s] INFO:colcon.colcon_core.shell:Creating package script '/home/ceasarmusk/ros2_ws/src/install/ardupilot_bridge/share/ardupilot_bridge/package.bash'
[2.828s] INFO:colcon.colcon_core.shell:Creating package script '/home/ceasarmusk/ros2_ws/src/install/ardupilot_bridge/share/ardupilot_bridge/package.zsh'
[2.830s] Level 1:colcon.colcon_core.environment:create_file_with_runtime_dependencies(/home/ceasarmusk/ros2_ws/src/install/ardupilot_bridge/share/colcon-core/packages/ardupilot_bridge)
[2.830s] DEBUG:colcon.colcon_parallel_executor.executor.parallel:closing loop
[2.831s] DEBUG:colcon.colcon_parallel_executor.executor.parallel:loop closed
[2.831s] DEBUG:colcon.colcon_parallel_executor.executor.parallel:run_until_complete finished with '0'
[2.831s] DEBUG:colcon.colcon_core.event_reactor:joining thread
[2.841s] INFO:colcon.colcon_core.plugin_system:Skipping extension 'colcon_notification.desktop_notification.terminal_notifier': Not used on non-Darwin systems
[2.841s] INFO:colcon.colcon_core.plugin_system:Skipping extension 'colcon_notification.desktop_notification.win32': Not used on non-Windows systems
[2.841s] INFO:colcon.colcon_notification.desktop_notification:Sending desktop notification using 'notify2'
[2.843s] DEBUG:colcon.colcon_notification.desktop_notification.notify2:Failed to initialize notify2: org.freedesktop.DBus.Error.ServiceUnknown: The name org.freedesktop.Notifications was not provided by any .service files
[2.843s] DEBUG:colcon.colcon_core.event_reactor:joined thread
[2.843s] INFO:colcon.colcon_core.shell:Creating prefix script '/home/ceasarmusk/ros2_ws/src/install/local_setup.sh'
[2.845s] INFO:colcon.colcon_core.shell:Creating prefix util module '/home/ceasarmusk/ros2_ws/src/install/_local_setup_util_sh.py'
[2.847s] INFO:colcon.colcon_core.shell:Creating prefix chain script '/home/ceasarmusk/ros2_ws/src/install/setup.sh'
[2.848s] INFO:colcon.colcon_core.shell:Creating prefix script '/home/ceasarmusk/ros2_ws/src/install/local_setup.bash'
[2.849s] INFO:colcon.colcon_core.shell:Creating prefix chain script '/home/ceasarmusk/ros2_ws/src/install/setup.bash'
[2.851s] INFO:colcon.colcon_core.shell:Creating prefix script '/home/ceasarmusk/ros2_ws/src/install/local_setup.zsh'
[2.852s] INFO:colcon.colcon_core.shell:Creating prefix chain script '/home/ceasarmusk/ros2_ws/src/install/setup.zsh'
