running egg_info
writing ../../build/ardupilot_bridge/ardupilot_bridge.egg-info/PKG-INFO
writing dependency_links to ../../build/ardupilot_bridge/ardupilot_bridge.egg-info/dependency_links.txt
writing entry points to ../../build/ardupilot_bridge/ardupilot_bridge.egg-info/entry_points.txt
writing requirements to ../../build/ardupilot_bridge/ardupilot_bridge.egg-info/requires.txt
writing top-level names to ../../build/ardupilot_bridge/ardupilot_bridge.egg-info/top_level.txt
reading manifest file '../../build/ardupilot_bridge/ardupilot_bridge.egg-info/SOURCES.txt'
writing manifest file '../../build/ardupilot_bridge/ardupilot_bridge.egg-info/SOURCES.txt'
running build
running build_py
copying ardupilot_bridge/odom_to_mavlink.py -> /home/ceasarmusk/ros2_ws/build/ardupilot_bridge/build/lib/ardupilot_bridge
running install
running install_lib
copying /home/ceasarmusk/ros2_ws/build/ardupilot_bridge/build/lib/ardupilot_bridge/odom_to_mavlink.py -> /home/ceasarmusk/ros2_ws/install/ardupilot_bridge/lib/python3.12/site-packages/ardupilot_bridge
byte-compiling /home/ceasarmusk/ros2_ws/install/ardupilot_bridge/lib/python3.12/site-packages/ardupilot_bridge/odom_to_mavlink.py to odom_to_mavlink.cpython-312.pyc
running install_data
running install_egg_info
removing '/home/ceasarmusk/ros2_ws/install/ardupilot_bridge/lib/python3.12/site-packages/ardupilot_bridge-0.0.0-py3.12.egg-info' (and everything under it)
Copying ../../build/ardupilot_bridge/ardupilot_bridge.egg-info to /home/ceasarmusk/ros2_ws/install/ardupilot_bridge/lib/python3.12/site-packages/ardupilot_bridge-0.0.0-py3.12.egg-info
running install_scripts
Installing cmd_vel_to_guided script to /home/ceasarmusk/ros2_ws/install/ardupilot_bridge/lib/ardupilot_bridge
Installing odom_to_mavlink script to /home/ceasarmusk/ros2_ws/install/ardupilot_bridge/lib/ardupilot_bridge
Installing scan_to_obstacle_distance script to /home/ceasarmusk/ros2_ws/install/ardupilot_bridge/lib/ardupilot_bridge
writing list of installed files to '/home/ceasarmusk/ros2_ws/build/ardupilot_bridge/install.log'
