[0.166s] DEBUG:colcon:Command line arguments: ['/usr/bin/colcon', 'build', '--packages-select', 'nav_goal_bridge', '--symlink-install']
[0.166s] DEBUG:colcon:Parsed command line arguments: Namespace(log_base=None, log_level=None, verb_name='build', build_base='build', install_base='install', merge_install=False, symlink_install=True, test_result_base=None, continue_on_error=False, executor='parallel', parallel_workers=4, event_handlers=None, ignore_user_meta=False, metas=['./colcon.meta'], base_paths=['.'], packages_ignore=None, packages_ignore_regex=None, paths=None, packages_up_to=None, packages_up_to_regex=None, packages_above=None, packages_above_and_dependencies=None, packages_above_depth=None, packages_select_by_dep=None, packages_skip_by_dep=None, packages_skip_up_to=None, packages_select_build_failed=False, packages_skip_build_finished=False, packages_select_test_failures=False, packages_skip_test_passed=False, packages_select=['nav_goal_bridge'], packages_skip=None, packages_select_regex=None, packages_skip_regex=None, packages_start=None, packages_end=None, cmake_args=None, cmake_target=None, cmake_target_skip_unavailable=False, cmake_clean_cache=False, cmake_clean_first=False, cmake_force_configure=False, ament_cmake_args=None, catkin_cmake_args=None, catkin_skip_building_tests=False, verb_parser=<colcon_defaults.argument_parser.defaults.DefaultArgumentsDecorator object at 0xffff91f39430>, verb_extension=<colcon_core.verb.build.BuildVerb object at 0xffff92125280>, main=<bound method BuildVerb.main of <colcon_core.verb.build.BuildVerb object at 0xffff92125280>>)
[0.234s] Level 1:colcon.colcon_core.package_discovery:discover_packages(colcon_meta) check parameters
[0.234s] Level 1:colcon.colcon_core.package_discovery:discover_packages(recursive) check parameters
[0.234s] Level 1:colcon.colcon_core.package_discovery:discover_packages(ignore) check parameters
[0.234s] Level 1:colcon.colcon_core.package_discovery:discover_packages(path) check parameters
[0.234s] Level 1:colcon.colcon_core.package_discovery:discover_packages(colcon_meta) discover
[0.234s] Level 1:colcon.colcon_core.package_discovery:discover_packages(recursive) discover
[0.238s] INFO:colcon.colcon_core.package_discovery:Crawling recursively for packages in '/home/ceasarmusk/ros2_ws/src'
[0.238s] Level 1:colcon.colcon_core.package_identification:_identify(.) by extensions ['ignore', 'ignore_ament_install']
[0.239s] Level 1:colcon.colcon_core.package_identification:_identify(.) by extension 'ignore'
[0.239s] Level 1:colcon.colcon_core.package_identification:_identify(.) by extension 'ignore_ament_install'
[0.239s] Level 1:colcon.colcon_core.package_identification:_identify(.) by extensions ['colcon_pkg']
[0.239s] Level 1:colcon.colcon_core.package_identification:_identify(.) by extension 'colcon_pkg'
[0.239s] Level 1:colcon.colcon_core.package_identification:_identify(.) by extensions ['colcon_meta']
[0.239s] Level 1:colcon.colcon_core.package_identification:_identify(.) by extension 'colcon_meta'
[0.239s] Level 1:colcon.colcon_core.package_identification:_identify(.) by extensions ['ros']
[0.239s] Level 1:colcon.colcon_core.package_identification:_identify(.) by extension 'ros'
[0.285s] Level 1:colcon.colcon_core.package_identification:_identify(.) by extensions ['cmake', 'python']
[0.285s] Level 1:colcon.colcon_core.package_identification:_identify(.) by extension 'cmake'
[0.285s] Level 1:colcon.colcon_core.package_identification:_identify(.) by extension 'python'
[0.285s] Level 1:colcon.colcon_core.package_identification:_identify(.) by extensions ['python_setup_py']
[0.285s] Level 1:colcon.colcon_core.package_identification:_identify(.) by extension 'python_setup_py'
[0.285s] Level 1:colcon.colcon_core.package_identification:_identify(ardupilot_bridge) by extensions ['ignore', 'ignore_ament_install']
[0.285s] Level 1:colcon.colcon_core.package_identification:_identify(ardupilot_bridge) by extension 'ignore'
[0.285s] Level 1:colcon.colcon_core.package_identification:_identify(ardupilot_bridge) by extension 'ignore_ament_install'
[0.285s] Level 1:colcon.colcon_core.package_identification:_identify(ardupilot_bridge) by extensions ['colcon_pkg']
[0.285s] Level 1:colcon.colcon_core.package_identification:_identify(ardupilot_bridge) by extension 'colcon_pkg'
[0.286s] Level 1:colcon.colcon_core.package_identification:_identify(ardupilot_bridge) by extensions ['colcon_meta']
[0.286s] Level 1:colcon.colcon_core.package_identification:_identify(ardupilot_bridge) by extension 'colcon_meta'
[0.286s] Level 1:colcon.colcon_core.package_identification:_identify(ardupilot_bridge) by extensions ['ros']
[0.286s] Level 1:colcon.colcon_core.package_identification:_identify(ardupilot_bridge) by extension 'ros'
[0.292s] DEBUG:colcon.colcon_core.package_identification:Package 'ardupilot_bridge' with type 'ros.ament_python' and name 'ardupilot_bridge'
[0.292s] Level 1:colcon.colcon_core.package_identification:_identify(build) by extensions ['ignore', 'ignore_ament_install']
[0.292s] Level 1:colcon.colcon_core.package_identification:_identify(build) by extension 'ignore'
[0.292s] Level 1:colcon.colcon_core.package_identification:_identify(build) ignored
[0.292s] Level 1:colcon.colcon_core.package_identification:_identify(install) by extensions ['ignore', 'ignore_ament_install']
[0.292s] Level 1:colcon.colcon_core.package_identification:_identify(install) by extension 'ignore'
[0.293s] Level 1:colcon.colcon_core.package_identification:_identify(install) ignored
[0.293s] Level 1:colcon.colcon_core.package_identification:_identify(ldrobot-lidar-ros2) by extensions ['ignore', 'ignore_ament_install']
[0.293s] Level 1:colcon.colcon_core.package_identification:_identify(ldrobot-lidar-ros2) by extension 'ignore'
[0.293s] Level 1:colcon.colcon_core.package_identification:_identify(ldrobot-lidar-ros2) by extension 'ignore_ament_install'
[0.293s] Level 1:colcon.colcon_core.package_identification:_identify(ldrobot-lidar-ros2) by extensions ['colcon_pkg']
[0.293s] Level 1:colcon.colcon_core.package_identification:_identify(ldrobot-lidar-ros2) by extension 'colcon_pkg'
[0.293s] Level 1:colcon.colcon_core.package_identification:_identify(ldrobot-lidar-ros2) by extensions ['colcon_meta']
[0.293s] Level 1:colcon.colcon_core.package_identification:_identify(ldrobot-lidar-ros2) by extension 'colcon_meta'
[0.293s] Level 1:colcon.colcon_core.package_identification:_identify(ldrobot-lidar-ros2) by extensions ['ros']
[0.293s] Level 1:colcon.colcon_core.package_identification:_identify(ldrobot-lidar-ros2) by extension 'ros'
[0.293s] Level 1:colcon.colcon_core.package_identification:_identify(ldrobot-lidar-ros2) by extensions ['cmake', 'python']
[0.293s] Level 1:colcon.colcon_core.package_identification:_identify(ldrobot-lidar-ros2) by extension 'cmake'
[0.293s] Level 1:colcon.colcon_core.package_identification:_identify(ldrobot-lidar-ros2) by extension 'python'
[0.293s] Level 1:colcon.colcon_core.package_identification:_identify(ldrobot-lidar-ros2) by extensions ['python_setup_py']
[0.293s] Level 1:colcon.colcon_core.package_identification:_identify(ldrobot-lidar-ros2) by extension 'python_setup_py'
[0.293s] Level 1:colcon.colcon_core.package_identification:_identify(ldrobot-lidar-ros2/3d_model) by extensions ['ignore', 'ignore_ament_install']
[0.294s] Level 1:colcon.colcon_core.package_identification:_identify(ldrobot-lidar-ros2/3d_model) by extension 'ignore'
[0.294s] Level 1:colcon.colcon_core.package_identification:_identify(ldrobot-lidar-ros2/3d_model) by extension 'ignore_ament_install'
[0.294s] Level 1:colcon.colcon_core.package_identification:_identify(ldrobot-lidar-ros2/3d_model) by extensions ['colcon_pkg']
[0.294s] Level 1:colcon.colcon_core.package_identification:_identify(ldrobot-lidar-ros2/3d_model) by extension 'colcon_pkg'
[0.294s] Level 1:colcon.colcon_core.package_identification:_identify(ldrobot-lidar-ros2/3d_model) by extensions ['colcon_meta']
[0.294s] Level 1:colcon.colcon_core.package_identification:_identify(ldrobot-lidar-ros2/3d_model) by extension 'colcon_meta'
[0.294s] Level 1:colcon.colcon_core.package_identification:_identify(ldrobot-lidar-ros2/3d_model) by extensions ['ros']
[0.294s] Level 1:colcon.colcon_core.package_identification:_identify(ldrobot-lidar-ros2/3d_model) by extension 'ros'
[0.294s] Level 1:colcon.colcon_core.package_identification:_identify(ldrobot-lidar-ros2/3d_model) by extensions ['cmake', 'python']
[0.294s] Level 1:colcon.colcon_core.package_identification:_identify(ldrobot-lidar-ros2/3d_model) by extension 'cmake'
[0.294s] Level 1:colcon.colcon_core.package_identification:_identify(ldrobot-lidar-ros2/3d_model) by extension 'python'
[0.294s] Level 1:colcon.colcon_core.package_identification:_identify(ldrobot-lidar-ros2/3d_model) by extensions ['python_setup_py']
[0.294s] Level 1:colcon.colcon_core.package_identification:_identify(ldrobot-lidar-ros2/3d_model) by extension 'python_setup_py'
[0.294s] Level 1:colcon.colcon_core.package_identification:_identify(ldrobot-lidar-ros2/docs) by extensions ['ignore', 'ignore_ament_install']
[0.295s] Level 1:colcon.colcon_core.package_identification:_identify(ldrobot-lidar-ros2/docs) by extension 'ignore'
[0.295s] Level 1:colcon.colcon_core.package_identification:_identify(ldrobot-lidar-ros2/docs) by extension 'ignore_ament_install'
[0.295s] Level 1:colcon.colcon_core.package_identification:_identify(ldrobot-lidar-ros2/docs) by extensions ['colcon_pkg']
[0.295s] Level 1:colcon.colcon_core.package_identification:_identify(ldrobot-lidar-ros2/docs) by extension 'colcon_pkg'
[0.295s] Level 1:colcon.colcon_core.package_identification:_identify(ldrobot-lidar-ros2/docs) by extensions ['colcon_meta']
[0.295s] Level 1:colcon.colcon_core.package_identification:_identify(ldrobot-lidar-ros2/docs) by extension 'colcon_meta'
[0.295s] Level 1:colcon.colcon_core.package_identification:_identify(ldrobot-lidar-ros2/docs) by extensions ['ros']
[0.295s] Level 1:colcon.colcon_core.package_identification:_identify(ldrobot-lidar-ros2/docs) by extension 'ros'
[0.295s] Level 1:colcon.colcon_core.package_identification:_identify(ldrobot-lidar-ros2/docs) by extensions ['cmake', 'python']
[0.295s] Level 1:colcon.colcon_core.package_identification:_identify(ldrobot-lidar-ros2/docs) by extension 'cmake'
[0.295s] Level 1:colcon.colcon_core.package_identification:_identify(ldrobot-lidar-ros2/docs) by extension 'python'
[0.295s] Level 1:colcon.colcon_core.package_identification:_identify(ldrobot-lidar-ros2/docs) by extensions ['python_setup_py']
[0.295s] Level 1:colcon.colcon_core.package_identification:_identify(ldrobot-lidar-ros2/docs) by extension 'python_setup_py'
[0.295s] Level 1:colcon.colcon_core.package_identification:_identify(ldrobot-lidar-ros2/images) by extensions ['ignore', 'ignore_ament_install']
[0.295s] Level 1:colcon.colcon_core.package_identification:_identify(ldrobot-lidar-ros2/images) by extension 'ignore'
[0.295s] Level 1:colcon.colcon_core.package_identification:_identify(ldrobot-lidar-ros2/images) by extension 'ignore_ament_install'
[0.296s] Level 1:colcon.colcon_core.package_identification:_identify(ldrobot-lidar-ros2/images) by extensions ['colcon_pkg']
[0.296s] Level 1:colcon.colcon_core.package_identification:_identify(ldrobot-lidar-ros2/images) by extension 'colcon_pkg'
[0.296s] Level 1:colcon.colcon_core.package_identification:_identify(ldrobot-lidar-ros2/images) by extensions ['colcon_meta']
[0.296s] Level 1:colcon.colcon_core.package_identification:_identify(ldrobot-lidar-ros2/images) by extension 'colcon_meta'
[0.296s] Level 1:colcon.colcon_core.package_identification:_identify(ldrobot-lidar-ros2/images) by extensions ['ros']
[0.296s] Level 1:colcon.colcon_core.package_identification:_identify(ldrobot-lidar-ros2/images) by extension 'ros'
[0.296s] Level 1:colcon.colcon_core.package_identification:_identify(ldrobot-lidar-ros2/images) by extensions ['cmake', 'python']
[0.296s] Level 1:colcon.colcon_core.package_identification:_identify(ldrobot-lidar-ros2/images) by extension 'cmake'
[0.296s] Level 1:colcon.colcon_core.package_identification:_identify(ldrobot-lidar-ros2/images) by extension 'python'
[0.296s] Level 1:colcon.colcon_core.package_identification:_identify(ldrobot-lidar-ros2/images) by extensions ['python_setup_py']
[0.296s] Level 1:colcon.colcon_core.package_identification:_identify(ldrobot-lidar-ros2/images) by extension 'python_setup_py'
[0.296s] Level 1:colcon.colcon_core.package_identification:_identify(ldrobot-lidar-ros2/ldlidar) by extensions ['ignore', 'ignore_ament_install']
[0.296s] Level 1:colcon.colcon_core.package_identification:_identify(ldrobot-lidar-ros2/ldlidar) by extension 'ignore'
[0.296s] Level 1:colcon.colcon_core.package_identification:_identify(ldrobot-lidar-ros2/ldlidar) by extension 'ignore_ament_install'
[0.296s] Level 1:colcon.colcon_core.package_identification:_identify(ldrobot-lidar-ros2/ldlidar) by extensions ['colcon_pkg']
[0.296s] Level 1:colcon.colcon_core.package_identification:_identify(ldrobot-lidar-ros2/ldlidar) by extension 'colcon_pkg'
[0.296s] Level 1:colcon.colcon_core.package_identification:_identify(ldrobot-lidar-ros2/ldlidar) by extensions ['colcon_meta']
[0.296s] Level 1:colcon.colcon_core.package_identification:_identify(ldrobot-lidar-ros2/ldlidar) by extension 'colcon_meta'
[0.296s] Level 1:colcon.colcon_core.package_identification:_identify(ldrobot-lidar-ros2/ldlidar) by extensions ['ros']
[0.296s] Level 1:colcon.colcon_core.package_identification:_identify(ldrobot-lidar-ros2/ldlidar) by extension 'ros'
[0.297s] DEBUG:colcon.colcon_core.package_identification:Package 'ldrobot-lidar-ros2/ldlidar' with type 'ros.ament_cmake' and name 'ldlidar'
[0.298s] Level 1:colcon.colcon_core.package_identification:_identify(ldrobot-lidar-ros2/ldlidar_component) by extensions ['ignore', 'ignore_ament_install']
[0.298s] Level 1:colcon.colcon_core.package_identification:_identify(ldrobot-lidar-ros2/ldlidar_component) by extension 'ignore'
[0.298s] Level 1:colcon.colcon_core.package_identification:_identify(ldrobot-lidar-ros2/ldlidar_component) by extension 'ignore_ament_install'
[0.298s] Level 1:colcon.colcon_core.package_identification:_identify(ldrobot-lidar-ros2/ldlidar_component) by extensions ['colcon_pkg']
[0.298s] Level 1:colcon.colcon_core.package_identification:_identify(ldrobot-lidar-ros2/ldlidar_component) by extension 'colcon_pkg'
[0.298s] Level 1:colcon.colcon_core.package_identification:_identify(ldrobot-lidar-ros2/ldlidar_component) by extensions ['colcon_meta']
[0.298s] Level 1:colcon.colcon_core.package_identification:_identify(ldrobot-lidar-ros2/ldlidar_component) by extension 'colcon_meta'
[0.298s] Level 1:colcon.colcon_core.package_identification:_identify(ldrobot-lidar-ros2/ldlidar_component) by extensions ['ros']
[0.298s] Level 1:colcon.colcon_core.package_identification:_identify(ldrobot-lidar-ros2/ldlidar_component) by extension 'ros'
[0.300s] DEBUG:colcon.colcon_core.package_identification:Package 'ldrobot-lidar-ros2/ldlidar_component' with type 'ros.ament_cmake' and name 'ldlidar_component'
[0.300s] Level 1:colcon.colcon_core.package_identification:_identify(ldrobot-lidar-ros2/ldlidar_node) by extensions ['ignore', 'ignore_ament_install']
[0.300s] Level 1:colcon.colcon_core.package_identification:_identify(ldrobot-lidar-ros2/ldlidar_node) by extension 'ignore'
[0.300s] Level 1:colcon.colcon_core.package_identification:_identify(ldrobot-lidar-ros2/ldlidar_node) by extension 'ignore_ament_install'
[0.300s] Level 1:colcon.colcon_core.package_identification:_identify(ldrobot-lidar-ros2/ldlidar_node) by extensions ['colcon_pkg']
[0.300s] Level 1:colcon.colcon_core.package_identification:_identify(ldrobot-lidar-ros2/ldlidar_node) by extension 'colcon_pkg'
[0.300s] Level 1:colcon.colcon_core.package_identification:_identify(ldrobot-lidar-ros2/ldlidar_node) by extensions ['colcon_meta']
[0.301s] Level 1:colcon.colcon_core.package_identification:_identify(ldrobot-lidar-ros2/ldlidar_node) by extension 'colcon_meta'
[0.301s] Level 1:colcon.colcon_core.package_identification:_identify(ldrobot-lidar-ros2/ldlidar_node) by extensions ['ros']
[0.301s] Level 1:colcon.colcon_core.package_identification:_identify(ldrobot-lidar-ros2/ldlidar_node) by extension 'ros'
[0.301s] DEBUG:colcon.colcon_core.package_identification:Package 'ldrobot-lidar-ros2/ldlidar_node' with type 'ros.ament_cmake' and name 'ldlidar_node'
[0.301s] Level 1:colcon.colcon_core.package_identification:_identify(ldrobot-lidar-ros2/rules) by extensions ['ignore', 'ignore_ament_install']
[0.302s] Level 1:colcon.colcon_core.package_identification:_identify(ldrobot-lidar-ros2/rules) by extension 'ignore'
[0.302s] Level 1:colcon.colcon_core.package_identification:_identify(ldrobot-lidar-ros2/rules) by extension 'ignore_ament_install'
[0.302s] Level 1:colcon.colcon_core.package_identification:_identify(ldrobot-lidar-ros2/rules) by extensions ['colcon_pkg']
[0.302s] Level 1:colcon.colcon_core.package_identification:_identify(ldrobot-lidar-ros2/rules) by extension 'colcon_pkg'
[0.302s] Level 1:colcon.colcon_core.package_identification:_identify(ldrobot-lidar-ros2/rules) by extensions ['colcon_meta']
[0.302s] Level 1:colcon.colcon_core.package_identification:_identify(ldrobot-lidar-ros2/rules) by extension 'colcon_meta'
[0.302s] Level 1:colcon.colcon_core.package_identification:_identify(ldrobot-lidar-ros2/rules) by extensions ['ros']
[0.302s] Level 1:colcon.colcon_core.package_identification:_identify(ldrobot-lidar-ros2/rules) by extension 'ros'
[0.302s] Level 1:colcon.colcon_core.package_identification:_identify(ldrobot-lidar-ros2/rules) by extensions ['cmake', 'python']
[0.302s] Level 1:colcon.colcon_core.package_identification:_identify(ldrobot-lidar-ros2/rules) by extension 'cmake'
[0.302s] Level 1:colcon.colcon_core.package_identification:_identify(ldrobot-lidar-ros2/rules) by extension 'python'
[0.302s] Level 1:colcon.colcon_core.package_identification:_identify(ldrobot-lidar-ros2/rules) by extensions ['python_setup_py']
[0.302s] Level 1:colcon.colcon_core.package_identification:_identify(ldrobot-lidar-ros2/rules) by extension 'python_setup_py'
[0.303s] Level 1:colcon.colcon_core.package_identification:_identify(ldrobot-lidar-ros2/scripts) by extensions ['ignore', 'ignore_ament_install']
[0.303s] Level 1:colcon.colcon_core.package_identification:_identify(ldrobot-lidar-ros2/scripts) by extension 'ignore'
[0.303s] Level 1:colcon.colcon_core.package_identification:_identify(ldrobot-lidar-ros2/scripts) by extension 'ignore_ament_install'
[0.303s] Level 1:colcon.colcon_core.package_identification:_identify(ldrobot-lidar-ros2/scripts) by extensions ['colcon_pkg']
[0.303s] Level 1:colcon.colcon_core.package_identification:_identify(ldrobot-lidar-ros2/scripts) by extension 'colcon_pkg'
[0.303s] Level 1:colcon.colcon_core.package_identification:_identify(ldrobot-lidar-ros2/scripts) by extensions ['colcon_meta']
[0.303s] Level 1:colcon.colcon_core.package_identification:_identify(ldrobot-lidar-ros2/scripts) by extension 'colcon_meta'
[0.303s] Level 1:colcon.colcon_core.package_identification:_identify(ldrobot-lidar-ros2/scripts) by extensions ['ros']
[0.303s] Level 1:colcon.colcon_core.package_identification:_identify(ldrobot-lidar-ros2/scripts) by extension 'ros'
[0.303s] Level 1:colcon.colcon_core.package_identification:_identify(ldrobot-lidar-ros2/scripts) by extensions ['cmake', 'python']
[0.303s] Level 1:colcon.colcon_core.package_identification:_identify(ldrobot-lidar-ros2/scripts) by extension 'cmake'
[0.304s] Level 1:colcon.colcon_core.package_identification:_identify(ldrobot-lidar-ros2/scripts) by extension 'python'
[0.304s] Level 1:colcon.colcon_core.package_identification:_identify(ldrobot-lidar-ros2/scripts) by extensions ['python_setup_py']
[0.304s] Level 1:colcon.colcon_core.package_identification:_identify(ldrobot-lidar-ros2/scripts) by extension 'python_setup_py'
[0.304s] Level 1:colcon.colcon_core.package_identification:_identify(log) by extensions ['ignore', 'ignore_ament_install']
[0.304s] Level 1:colcon.colcon_core.package_identification:_identify(log) by extension 'ignore'
[0.304s] Level 1:colcon.colcon_core.package_identification:_identify(log) ignored
[0.304s] Level 1:colcon.colcon_core.package_identification:_identify(nav_goal_bridge) by extensions ['ignore', 'ignore_ament_install']
[0.305s] Level 1:colcon.colcon_core.package_identification:_identify(nav_goal_bridge) by extension 'ignore'
[0.305s] Level 1:colcon.colcon_core.package_identification:_identify(nav_goal_bridge) by extension 'ignore_ament_install'
[0.305s] Level 1:colcon.colcon_core.package_identification:_identify(nav_goal_bridge) by extensions ['colcon_pkg']
[0.305s] Level 1:colcon.colcon_core.package_identification:_identify(nav_goal_bridge) by extension 'colcon_pkg'
[0.305s] Level 1:colcon.colcon_core.package_identification:_identify(nav_goal_bridge) by extensions ['colcon_meta']
[0.305s] Level 1:colcon.colcon_core.package_identification:_identify(nav_goal_bridge) by extension 'colcon_meta'
[0.305s] Level 1:colcon.colcon_core.package_identification:_identify(nav_goal_bridge) by extensions ['ros']
[0.305s] Level 1:colcon.colcon_core.package_identification:_identify(nav_goal_bridge) by extension 'ros'
[0.306s] DEBUG:colcon.colcon_core.package_identification:Package 'nav_goal_bridge' with type 'ros.ament_python' and name 'nav_goal_bridge'
[0.306s] Level 1:colcon.colcon_core.package_identification:_identify(reactive_avoidance) by extensions ['ignore', 'ignore_ament_install']
[0.307s] Level 1:colcon.colcon_core.package_identification:_identify(reactive_avoidance) by extension 'ignore'
[0.307s] Level 1:colcon.colcon_core.package_identification:_identify(reactive_avoidance) by extension 'ignore_ament_install'
[0.307s] Level 1:colcon.colcon_core.package_identification:_identify(reactive_avoidance) by extensions ['colcon_pkg']
[0.307s] Level 1:colcon.colcon_core.package_identification:_identify(reactive_avoidance) by extension 'colcon_pkg'
[0.307s] Level 1:colcon.colcon_core.package_identification:_identify(reactive_avoidance) by extensions ['colcon_meta']
[0.307s] Level 1:colcon.colcon_core.package_identification:_identify(reactive_avoidance) by extension 'colcon_meta'
[0.307s] Level 1:colcon.colcon_core.package_identification:_identify(reactive_avoidance) by extensions ['ros']
[0.307s] Level 1:colcon.colcon_core.package_identification:_identify(reactive_avoidance) by extension 'ros'
[0.308s] DEBUG:colcon.colcon_core.package_identification:Package 'reactive_avoidance' with type 'ros.ament_python' and name 'reactive_avoidance'
[0.308s] Level 1:colcon.colcon_core.package_identification:_identify(rf2o_laser_odometry) by extensions ['ignore', 'ignore_ament_install']
[0.308s] Level 1:colcon.colcon_core.package_identification:_identify(rf2o_laser_odometry) by extension 'ignore'
[0.309s] Level 1:colcon.colcon_core.package_identification:_identify(rf2o_laser_odometry) by extension 'ignore_ament_install'
[0.309s] Level 1:colcon.colcon_core.package_identification:_identify(rf2o_laser_odometry) by extensions ['colcon_pkg']
[0.309s] Level 1:colcon.colcon_core.package_identification:_identify(rf2o_laser_odometry) by extension 'colcon_pkg'
[0.309s] Level 1:colcon.colcon_core.package_identification:_identify(rf2o_laser_odometry) by extensions ['colcon_meta']
[0.309s] Level 1:colcon.colcon_core.package_identification:_identify(rf2o_laser_odometry) by extension 'colcon_meta'
[0.309s] Level 1:colcon.colcon_core.package_identification:_identify(rf2o_laser_odometry) by extensions ['ros']
[0.309s] Level 1:colcon.colcon_core.package_identification:_identify(rf2o_laser_odometry) by extension 'ros'
[0.311s] DEBUG:colcon.colcon_core.package_identification:Package 'rf2o_laser_odometry' with type 'ros.ament_cmake' and name 'rf2o_laser_odometry'
[0.311s] Level 1:colcon.colcon_core.package_discovery:discover_packages(recursive) using defaults
[0.311s] Level 1:colcon.colcon_core.package_discovery:discover_packages(ignore) discover
[0.311s] Level 1:colcon.colcon_core.package_discovery:discover_packages(ignore) using defaults
[0.311s] Level 1:colcon.colcon_core.package_discovery:discover_packages(path) discover
[0.311s] Level 1:colcon.colcon_core.package_discovery:discover_packages(path) using defaults
[0.347s] INFO:colcon.colcon_core.package_selection:Skipping not selected package 'ardupilot_bridge' in 'ardupilot_bridge'
[0.347s] INFO:colcon.colcon_core.package_selection:Skipping not selected package 'ldlidar_component' in 'ldrobot-lidar-ros2/ldlidar_component'
[0.347s] INFO:colcon.colcon_core.package_selection:Skipping not selected package 'reactive_avoidance' in 'reactive_avoidance'
[0.347s] INFO:colcon.colcon_core.package_selection:Skipping not selected package 'rf2o_laser_odometry' in 'rf2o_laser_odometry'
[0.347s] INFO:colcon.colcon_core.package_selection:Skipping not selected package 'ldlidar_node' in 'ldrobot-lidar-ros2/ldlidar_node'
[0.347s] INFO:colcon.colcon_core.package_selection:Skipping not selected package 'ldlidar' in 'ldrobot-lidar-ros2/ldlidar'
[0.348s] Level 5:colcon.colcon_core.verb:set package 'nav_goal_bridge' build argument 'cmake_args' from command line to 'None'
[0.348s] Level 5:colcon.colcon_core.verb:set package 'nav_goal_bridge' build argument 'cmake_target' from command line to 'None'
[0.348s] Level 5:colcon.colcon_core.verb:set package 'nav_goal_bridge' build argument 'cmake_target_skip_unavailable' from command line to 'False'
[0.348s] Level 5:colcon.colcon_core.verb:set package 'nav_goal_bridge' build argument 'cmake_clean_cache' from command line to 'False'
[0.348s] Level 5:colcon.colcon_core.verb:set package 'nav_goal_bridge' build argument 'cmake_clean_first' from command line to 'False'
[0.348s] Level 5:colcon.colcon_core.verb:set package 'nav_goal_bridge' build argument 'cmake_force_configure' from command line to 'False'
[0.348s] Level 5:colcon.colcon_core.verb:set package 'nav_goal_bridge' build argument 'ament_cmake_args' from command line to 'None'
[0.348s] Level 5:colcon.colcon_core.verb:set package 'nav_goal_bridge' build argument 'catkin_cmake_args' from command line to 'None'
[0.348s] Level 5:colcon.colcon_core.verb:set package 'nav_goal_bridge' build argument 'catkin_skip_building_tests' from command line to 'False'
[0.348s] DEBUG:colcon.colcon_core.verb:Building package 'nav_goal_bridge' with the following arguments: {'ament_cmake_args': None, 'build_base': '/home/ceasarmusk/ros2_ws/src/build/nav_goal_bridge', 'catkin_cmake_args': None, 'catkin_skip_building_tests': False, 'cmake_args': None, 'cmake_clean_cache': False, 'cmake_clean_first': False, 'cmake_force_configure': False, 'cmake_target': None, 'cmake_target_skip_unavailable': False, 'install_base': '/home/ceasarmusk/ros2_ws/src/install/nav_goal_bridge', 'merge_install': False, 'path': '/home/ceasarmusk/ros2_ws/src/nav_goal_bridge', 'symlink_install': True, 'test_result_base': None}
[0.348s] INFO:colcon.colcon_core.executor:Executing jobs using 'parallel' executor
[0.350s] DEBUG:colcon.colcon_parallel_executor.executor.parallel:run_until_complete
[0.351s] INFO:colcon.colcon_ros.task.ament_python.build:Building ROS package in '/home/ceasarmusk/ros2_ws/src/nav_goal_bridge' with build type 'ament_python'
[0.351s] Level 1:colcon.colcon_core.shell:create_environment_hook('nav_goal_bridge', 'ament_prefix_path')
[0.363s] INFO:colcon.colcon_core.plugin_system:Skipping extension 'colcon_core.shell.bat': Not used on non-Windows systems
[0.363s] INFO:colcon.colcon_core.shell:Creating environment descriptor '/home/ceasarmusk/ros2_ws/src/install/nav_goal_bridge/share/nav_goal_bridge/hook/ament_prefix_path.dsv'
[0.365s] INFO:colcon.colcon_core.shell:Creating environment hook '/home/ceasarmusk/ros2_ws/src/install/nav_goal_bridge/share/nav_goal_bridge/hook/ament_prefix_path.sh'
[0.366s] DEBUG:colcon.colcon_core.shell:Skip shell extension 'dsv' for command environment
[0.771s] INFO:colcon.colcon_core.task.python.build:Building Python package in '/home/ceasarmusk/ros2_ws/src/nav_goal_bridge'
[0.772s] DEBUG:colcon.colcon_core.shell:Skip shell extension 'dsv' for command environment
[2.339s] DEBUG:colcon.colcon_core.event_handler.log_command:Invoking command in '/home/ceasarmusk/ros2_ws/src/build/nav_goal_bridge': PYTHONPATH=/home/ceasarmusk/ros2_ws/src/build/nav_goal_bridge/prefix_override:/usr/lib/python3/dist-packages/colcon_core/task/python/colcon_distutils_commands:/home/ceasarmusk/ros2_ws/src/install/nav_goal_bridge/lib/python3.12/site-packages:${PYTHONPATH} /usr/bin/python3 -W ignore:setup.py install is deprecated -W ignore:easy_install command is deprecated setup.py develop --editable --build-directory /home/ceasarmusk/ros2_ws/src/build/nav_goal_bridge/build --no-deps symlink_data
[3.430s] Level 1:colcon.colcon_core.shell:create_environment_hook('nav_goal_bridge', 'pythonpath_develop')
[3.430s] INFO:colcon.colcon_core.shell:Creating environment descriptor '/home/ceasarmusk/ros2_ws/src/build/nav_goal_bridge/share/nav_goal_bridge/hook/pythonpath_develop.dsv'
[3.430s] DEBUG:colcon.colcon_core.event_handler.log_command:Invoked command in '/home/ceasarmusk/ros2_ws/src/build/nav_goal_bridge' returned '0': PYTHONPATH=/home/ceasarmusk/ros2_ws/src/build/nav_goal_bridge/prefix_override:/usr/lib/python3/dist-packages/colcon_core/task/python/colcon_distutils_commands:/home/ceasarmusk/ros2_ws/src/install/nav_goal_bridge/lib/python3.12/site-packages:${PYTHONPATH} /usr/bin/python3 -W ignore:setup.py install is deprecated -W ignore:easy_install command is deprecated setup.py develop --editable --build-directory /home/ceasarmusk/ros2_ws/src/build/nav_goal_bridge/build --no-deps symlink_data
[3.431s] INFO:colcon.colcon_core.shell:Creating environment hook '/home/ceasarmusk/ros2_ws/src/build/nav_goal_bridge/share/nav_goal_bridge/hook/pythonpath_develop.sh'
[3.444s] Level 1:colcon.colcon_core.environment:checking '/home/ceasarmusk/ros2_ws/src/install/nav_goal_bridge' for CMake module files
[3.445s] Level 1:colcon.colcon_core.environment:checking '/home/ceasarmusk/ros2_ws/src/install/nav_goal_bridge' for CMake config files
[3.447s] Level 1:colcon.colcon_core.environment:checking '/home/ceasarmusk/ros2_ws/src/install/nav_goal_bridge/lib'
[3.448s] Level 1:colcon.colcon_core.environment:checking '/home/ceasarmusk/ros2_ws/src/install/nav_goal_bridge/bin'
[3.448s] Level 1:colcon.colcon_core.environment:checking '/home/ceasarmusk/ros2_ws/src/install/nav_goal_bridge/lib/pkgconfig/nav_goal_bridge.pc'
[3.448s] Level 1:colcon.colcon_core.environment:checking '/home/ceasarmusk/ros2_ws/src/install/nav_goal_bridge/lib/python3.12/site-packages'
[3.449s] Level 1:colcon.colcon_core.shell:create_environment_hook('nav_goal_bridge', 'pythonpath')
[3.449s] INFO:colcon.colcon_core.shell:Creating environment descriptor '/home/ceasarmusk/ros2_ws/src/install/nav_goal_bridge/share/nav_goal_bridge/hook/pythonpath.dsv'
[3.450s] INFO:colcon.colcon_core.shell:Creating environment hook '/home/ceasarmusk/ros2_ws/src/install/nav_goal_bridge/share/nav_goal_bridge/hook/pythonpath.sh'
[3.451s] Level 1:colcon.colcon_core.environment:checking '/home/ceasarmusk/ros2_ws/src/install/nav_goal_bridge/bin'
[3.451s] Level 1:colcon.colcon_core.environment:create_environment_scripts_only(nav_goal_bridge)
[3.452s] INFO:colcon.colcon_core.shell:Creating package descriptor '/home/ceasarmusk/ros2_ws/src/install/nav_goal_bridge/share/nav_goal_bridge/package.dsv'
[3.454s] INFO:colcon.colcon_core.shell:Creating package script '/home/ceasarmusk/ros2_ws/src/install/nav_goal_bridge/share/nav_goal_bridge/package.sh'
[3.457s] INFO:colcon.colcon_core.shell:Creating package script '/home/ceasarmusk/ros2_ws/src/install/nav_goal_bridge/share/nav_goal_bridge/package.bash'
[3.459s] INFO:colcon.colcon_core.shell:Creating package script '/home/ceasarmusk/ros2_ws/src/install/nav_goal_bridge/share/nav_goal_bridge/package.zsh'
[3.461s] Level 1:colcon.colcon_core.environment:create_file_with_runtime_dependencies(/home/ceasarmusk/ros2_ws/src/install/nav_goal_bridge/share/colcon-core/packages/nav_goal_bridge)
[3.462s] DEBUG:colcon.colcon_parallel_executor.executor.parallel:closing loop
[3.463s] DEBUG:colcon.colcon_parallel_executor.executor.parallel:loop closed
[3.463s] DEBUG:colcon.colcon_parallel_executor.executor.parallel:run_until_complete finished with '0'
[3.463s] DEBUG:colcon.colcon_core.event_reactor:joining thread
[3.477s] INFO:colcon.colcon_core.plugin_system:Skipping extension 'colcon_notification.desktop_notification.terminal_notifier': Not used on non-Darwin systems
[3.477s] INFO:colcon.colcon_core.plugin_system:Skipping extension 'colcon_notification.desktop_notification.win32': Not used on non-Windows systems
[3.477s] INFO:colcon.colcon_notification.desktop_notification:Sending desktop notification using 'notify2'
[3.479s] DEBUG:colcon.colcon_notification.desktop_notification.notify2:Failed to initialize notify2: org.freedesktop.DBus.Error.ServiceUnknown: The name org.freedesktop.Notifications was not provided by any .service files
[3.479s] DEBUG:colcon.colcon_core.event_reactor:joined thread
[3.480s] INFO:colcon.colcon_core.shell:Creating prefix script '/home/ceasarmusk/ros2_ws/src/install/local_setup.sh'
[3.481s] INFO:colcon.colcon_core.shell:Creating prefix util module '/home/ceasarmusk/ros2_ws/src/install/_local_setup_util_sh.py'
[3.484s] INFO:colcon.colcon_core.shell:Creating prefix chain script '/home/ceasarmusk/ros2_ws/src/install/setup.sh'
[3.487s] INFO:colcon.colcon_core.shell:Creating prefix script '/home/ceasarmusk/ros2_ws/src/install/local_setup.bash'
[3.488s] INFO:colcon.colcon_core.shell:Creating prefix chain script '/home/ceasarmusk/ros2_ws/src/install/setup.bash'
[3.490s] INFO:colcon.colcon_core.shell:Creating prefix script '/home/ceasarmusk/ros2_ws/src/install/local_setup.zsh'
[3.492s] INFO:colcon.colcon_core.shell:Creating prefix chain script '/home/ceasarmusk/ros2_ws/src/install/setup.zsh'
