[0.168s] DEBUG:colcon:Command line arguments: ['/usr/bin/colcon', 'build', '--packages-select', 'nav_goal_bridge', '--symlink-install']
[0.168s] DEBUG:colcon:Parsed command line arguments: Namespace(log_base=None, log_level=None, verb_name='build', build_base='build', install_base='install', merge_install=False, symlink_install=True, test_result_base=None, continue_on_error=False, executor='parallel', parallel_workers=4, event_handlers=None, ignore_user_meta=False, metas=['./colcon.meta'], base_paths=['.'], packages_ignore=None, packages_ignore_regex=None, paths=None, packages_up_to=None, packages_up_to_regex=None, packages_above=None, packages_above_and_dependencies=None, packages_above_depth=None, packages_select_by_dep=None, packages_skip_by_dep=None, packages_skip_up_to=None, packages_select_build_failed=False, packages_skip_build_finished=False, packages_select_test_failures=False, packages_skip_test_passed=False, packages_select=['nav_goal_bridge'], packages_skip=None, packages_select_regex=None, packages_skip_regex=None, packages_start=None, packages_end=None, cmake_args=None, cmake_target=None, cmake_target_skip_unavailable=False, cmake_clean_cache=False, cmake_clean_first=False, cmake_force_configure=False, ament_cmake_args=None, catkin_cmake_args=None, catkin_skip_building_tests=False, verb_parser=<colcon_defaults.argument_parser.defaults.DefaultArgumentsDecorator object at 0xffffa7b395b0>, verb_extension=<colcon_core.verb.build.BuildVerb object at 0xffffa7d23530>, main=<bound method BuildVerb.main of <colcon_core.verb.build.BuildVerb object at 0xffffa7d23530>>)
[0.235s] Level 1:colcon.colcon_core.package_discovery:discover_packages(colcon_meta) check parameters
[0.235s] Level 1:colcon.colcon_core.package_discovery:discover_packages(recursive) check parameters
[0.235s] Level 1:colcon.colcon_core.package_discovery:discover_packages(ignore) check parameters
[0.235s] Level 1:colcon.colcon_core.package_discovery:discover_packages(path) check parameters
[0.235s] Level 1:colcon.colcon_core.package_discovery:discover_packages(colcon_meta) discover
[0.235s] Level 1:colcon.colcon_core.package_discovery:discover_packages(recursive) discover
[0.236s] INFO:colcon.colcon_core.package_discovery:Crawling recursively for packages in '/home/ceasarmusk/ros2_ws/src/nav_goal_bridge'
[0.236s] Level 1:colcon.colcon_core.package_identification:_identify(.) by extensions ['ignore', 'ignore_ament_install']
[0.236s] Level 1:colcon.colcon_core.package_identification:_identify(.) by extension 'ignore'
[0.236s] Level 1:colcon.colcon_core.package_identification:_identify(.) by extension 'ignore_ament_install'
[0.236s] Level 1:colcon.colcon_core.package_identification:_identify(.) by extensions ['colcon_pkg']
[0.236s] Level 1:colcon.colcon_core.package_identification:_identify(.) by extension 'colcon_pkg'
[0.236s] Level 1:colcon.colcon_core.package_identification:_identify(.) by extensions ['colcon_meta']
[0.236s] Level 1:colcon.colcon_core.package_identification:_identify(.) by extension 'colcon_meta'
[0.236s] Level 1:colcon.colcon_core.package_identification:_identify(.) by extensions ['ros']
[0.236s] Level 1:colcon.colcon_core.package_identification:_identify(.) by extension 'ros'
[0.283s] DEBUG:colcon.colcon_core.package_identification:Package '.' with type 'ros.ament_python' and name 'nav_goal_bridge'
[0.284s] Level 1:colcon.colcon_core.package_discovery:discover_packages(recursive) using defaults
[0.284s] Level 1:colcon.colcon_core.package_discovery:discover_packages(ignore) discover
[0.284s] Level 1:colcon.colcon_core.package_discovery:discover_packages(ignore) using defaults
[0.284s] Level 1:colcon.colcon_core.package_discovery:discover_packages(path) discover
[0.284s] Level 1:colcon.colcon_core.package_discovery:discover_packages(path) using defaults
[0.310s] Level 5:colcon.colcon_core.verb:set package 'nav_goal_bridge' build argument 'cmake_args' from command line to 'None'
[0.310s] Level 5:colcon.colcon_core.verb:set package 'nav_goal_bridge' build argument 'cmake_target' from command line to 'None'
[0.310s] Level 5:colcon.colcon_core.verb:set package 'nav_goal_bridge' build argument 'cmake_target_skip_unavailable' from command line to 'False'
[0.310s] Level 5:colcon.colcon_core.verb:set package 'nav_goal_bridge' build argument 'cmake_clean_cache' from command line to 'False'
[0.310s] Level 5:colcon.colcon_core.verb:set package 'nav_goal_bridge' build argument 'cmake_clean_first' from command line to 'False'
[0.310s] Level 5:colcon.colcon_core.verb:set package 'nav_goal_bridge' build argument 'cmake_force_configure' from command line to 'False'
[0.310s] Level 5:colcon.colcon_core.verb:set package 'nav_goal_bridge' build argument 'ament_cmake_args' from command line to 'None'
[0.310s] Level 5:colcon.colcon_core.verb:set package 'nav_goal_bridge' build argument 'catkin_cmake_args' from command line to 'None'
[0.310s] Level 5:colcon.colcon_core.verb:set package 'nav_goal_bridge' build argument 'catkin_skip_building_tests' from command line to 'False'
[0.310s] DEBUG:colcon.colcon_core.verb:Building package 'nav_goal_bridge' with the following arguments: {'ament_cmake_args': None, 'build_base': '/home/ceasarmusk/ros2_ws/src/nav_goal_bridge/build/nav_goal_bridge', 'catkin_cmake_args': None, 'catkin_skip_building_tests': False, 'cmake_args': None, 'cmake_clean_cache': False, 'cmake_clean_first': False, 'cmake_force_configure': False, 'cmake_target': None, 'cmake_target_skip_unavailable': False, 'install_base': '/home/ceasarmusk/ros2_ws/src/nav_goal_bridge/install/nav_goal_bridge', 'merge_install': False, 'path': '/home/ceasarmusk/ros2_ws/src/nav_goal_bridge', 'symlink_install': True, 'test_result_base': None}
[0.310s] INFO:colcon.colcon_core.executor:Executing jobs using 'parallel' executor
[0.312s] DEBUG:colcon.colcon_parallel_executor.executor.parallel:run_until_complete
[0.312s] INFO:colcon.colcon_ros.task.ament_python.build:Building ROS package in '/home/ceasarmusk/ros2_ws/src/nav_goal_bridge' with build type 'ament_python'
[0.312s] Level 1:colcon.colcon_core.shell:create_environment_hook('nav_goal_bridge', 'ament_prefix_path')
[0.320s] INFO:colcon.colcon_core.plugin_system:Skipping extension 'colcon_core.shell.bat': Not used on non-Windows systems
[0.320s] INFO:colcon.colcon_core.shell:Creating environment descriptor '/home/ceasarmusk/ros2_ws/src/nav_goal_bridge/install/nav_goal_bridge/share/nav_goal_bridge/hook/ament_prefix_path.dsv'
[0.322s] INFO:colcon.colcon_core.shell:Creating environment hook '/home/ceasarmusk/ros2_ws/src/nav_goal_bridge/install/nav_goal_bridge/share/nav_goal_bridge/hook/ament_prefix_path.sh'
[0.324s] DEBUG:colcon.colcon_core.shell:Skip shell extension 'dsv' for command environment
[0.706s] INFO:colcon.colcon_core.task.python.build:Building Python package in '/home/ceasarmusk/ros2_ws/src/nav_goal_bridge'
[0.706s] DEBUG:colcon.colcon_core.shell:Skip shell extension 'dsv' for command environment
[1.762s] DEBUG:colcon.colcon_core.event_handler.log_command:Invoking command in '/home/ceasarmusk/ros2_ws/src/nav_goal_bridge/build/nav_goal_bridge': PYTHONPATH=/home/ceasarmusk/ros2_ws/src/nav_goal_bridge/build/nav_goal_bridge/prefix_override:/usr/lib/python3/dist-packages/colcon_core/task/python/colcon_distutils_commands:/home/ceasarmusk/ros2_ws/src/nav_goal_bridge/install/nav_goal_bridge/lib/python3.12/site-packages:${PYTHONPATH} /usr/bin/python3 -W ignore:setup.py install is deprecated -W ignore:easy_install command is deprecated setup.py develop --editable --build-directory /home/ceasarmusk/ros2_ws/src/nav_goal_bridge/build/nav_goal_bridge/build --no-deps symlink_data
[2.811s] Level 1:colcon.colcon_core.shell:create_environment_hook('nav_goal_bridge', 'pythonpath_develop')
[2.812s] INFO:colcon.colcon_core.shell:Creating environment descriptor '/home/ceasarmusk/ros2_ws/src/nav_goal_bridge/build/nav_goal_bridge/share/nav_goal_bridge/hook/pythonpath_develop.dsv'
[2.813s] DEBUG:colcon.colcon_core.event_handler.log_command:Invoked command in '/home/ceasarmusk/ros2_ws/src/nav_goal_bridge/build/nav_goal_bridge' returned '0': PYTHONPATH=/home/ceasarmusk/ros2_ws/src/nav_goal_bridge/build/nav_goal_bridge/prefix_override:/usr/lib/python3/dist-packages/colcon_core/task/python/colcon_distutils_commands:/home/ceasarmusk/ros2_ws/src/nav_goal_bridge/install/nav_goal_bridge/lib/python3.12/site-packages:${PYTHONPATH} /usr/bin/python3 -W ignore:setup.py install is deprecated -W ignore:easy_install command is deprecated setup.py develop --editable --build-directory /home/ceasarmusk/ros2_ws/src/nav_goal_bridge/build/nav_goal_bridge/build --no-deps symlink_data
[2.814s] INFO:colcon.colcon_core.shell:Creating environment hook '/home/ceasarmusk/ros2_ws/src/nav_goal_bridge/build/nav_goal_bridge/share/nav_goal_bridge/hook/pythonpath_develop.sh'
[2.818s] Level 1:colcon.colcon_core.environment:checking '/home/ceasarmusk/ros2_ws/src/nav_goal_bridge/install/nav_goal_bridge' for CMake module files
[2.819s] Level 1:colcon.colcon_core.environment:checking '/home/ceasarmusk/ros2_ws/src/nav_goal_bridge/install/nav_goal_bridge' for CMake config files
[2.821s] Level 1:colcon.colcon_core.environment:checking '/home/ceasarmusk/ros2_ws/src/nav_goal_bridge/install/nav_goal_bridge/lib'
[2.821s] Level 1:colcon.colcon_core.environment:checking '/home/ceasarmusk/ros2_ws/src/nav_goal_bridge/install/nav_goal_bridge/bin'
[2.821s] Level 1:colcon.colcon_core.environment:checking '/home/ceasarmusk/ros2_ws/src/nav_goal_bridge/install/nav_goal_bridge/lib/pkgconfig/nav_goal_bridge.pc'
[2.822s] Level 1:colcon.colcon_core.environment:checking '/home/ceasarmusk/ros2_ws/src/nav_goal_bridge/install/nav_goal_bridge/lib/python3.12/site-packages'
[2.822s] Level 1:colcon.colcon_core.shell:create_environment_hook('nav_goal_bridge', 'pythonpath')
[2.822s] INFO:colcon.colcon_core.shell:Creating environment descriptor '/home/ceasarmusk/ros2_ws/src/nav_goal_bridge/install/nav_goal_bridge/share/nav_goal_bridge/hook/pythonpath.dsv'
[2.823s] INFO:colcon.colcon_core.shell:Creating environment hook '/home/ceasarmusk/ros2_ws/src/nav_goal_bridge/install/nav_goal_bridge/share/nav_goal_bridge/hook/pythonpath.sh'
[2.824s] Level 1:colcon.colcon_core.environment:checking '/home/ceasarmusk/ros2_ws/src/nav_goal_bridge/install/nav_goal_bridge/bin'
[2.824s] Level 1:colcon.colcon_core.environment:create_environment_scripts_only(nav_goal_bridge)
[2.825s] INFO:colcon.colcon_core.shell:Creating package descriptor '/home/ceasarmusk/ros2_ws/src/nav_goal_bridge/install/nav_goal_bridge/share/nav_goal_bridge/package.dsv'
[2.826s] INFO:colcon.colcon_core.shell:Creating package script '/home/ceasarmusk/ros2_ws/src/nav_goal_bridge/install/nav_goal_bridge/share/nav_goal_bridge/package.sh'
[2.827s] INFO:colcon.colcon_core.shell:Creating package script '/home/ceasarmusk/ros2_ws/src/nav_goal_bridge/install/nav_goal_bridge/share/nav_goal_bridge/package.bash'
[2.828s] INFO:colcon.colcon_core.shell:Creating package script '/home/ceasarmusk/ros2_ws/src/nav_goal_bridge/install/nav_goal_bridge/share/nav_goal_bridge/package.zsh'
[2.829s] Level 1:colcon.colcon_core.environment:create_file_with_runtime_dependencies(/home/ceasarmusk/ros2_ws/src/nav_goal_bridge/install/nav_goal_bridge/share/colcon-core/packages/nav_goal_bridge)
[2.830s] DEBUG:colcon.colcon_parallel_executor.executor.parallel:closing loop
[2.830s] DEBUG:colcon.colcon_parallel_executor.executor.parallel:loop closed
[2.830s] DEBUG:colcon.colcon_parallel_executor.executor.parallel:run_until_complete finished with '0'
[2.830s] DEBUG:colcon.colcon_core.event_reactor:joining thread
[2.838s] INFO:colcon.colcon_core.plugin_system:Skipping extension 'colcon_notification.desktop_notification.terminal_notifier': Not used on non-Darwin systems
[2.838s] INFO:colcon.colcon_core.plugin_system:Skipping extension 'colcon_notification.desktop_notification.win32': Not used on non-Windows systems
[2.838s] INFO:colcon.colcon_notification.desktop_notification:Sending desktop notification using 'notify2'
[2.840s] DEBUG:colcon.colcon_notification.desktop_notification.notify2:Failed to initialize notify2: org.freedesktop.DBus.Error.ServiceUnknown: The name org.freedesktop.Notifications was not provided by any .service files
[2.840s] DEBUG:colcon.colcon_core.event_reactor:joined thread
[2.841s] INFO:colcon.colcon_core.shell:Creating prefix script '/home/ceasarmusk/ros2_ws/src/nav_goal_bridge/install/local_setup.sh'
[2.842s] INFO:colcon.colcon_core.shell:Creating prefix util module '/home/ceasarmusk/ros2_ws/src/nav_goal_bridge/install/_local_setup_util_sh.py'
[2.843s] INFO:colcon.colcon_core.shell:Creating prefix chain script '/home/ceasarmusk/ros2_ws/src/nav_goal_bridge/install/setup.sh'
[2.845s] INFO:colcon.colcon_core.shell:Creating prefix script '/home/ceasarmusk/ros2_ws/src/nav_goal_bridge/install/local_setup.bash'
[2.846s] INFO:colcon.colcon_core.shell:Creating prefix chain script '/home/ceasarmusk/ros2_ws/src/nav_goal_bridge/install/setup.bash'
[2.848s] INFO:colcon.colcon_core.shell:Creating prefix script '/home/ceasarmusk/ros2_ws/src/nav_goal_bridge/install/local_setup.zsh'
[2.849s] INFO:colcon.colcon_core.shell:Creating prefix chain script '/home/ceasarmusk/ros2_ws/src/nav_goal_bridge/install/setup.zsh'
