[1.388s] Invoking command in '/home/ceasarmusk/ros2_ws/build/nav_goal_bridge': PYTHONPATH=/home/ceasarmusk/ros2_ws/build/nav_goal_bridge/prefix_override:/usr/lib/python3/dist-packages/colcon_core/task/python/colcon_distutils_commands:/home/ceasarmusk/ros2_ws/install/nav_goal_bridge/lib/python3.12/site-packages:${PYTHONPATH} /usr/bin/python3 -W ignore:setup.py install is deprecated -W ignore:easy_install command is deprecated setup.py develop --editable --build-directory /home/ceasarmusk/ros2_ws/build/nav_goal_bridge/build --no-deps symlink_data
[1.897s] running develop
[2.202s] running egg_info
[2.203s] creating nav_goal_bridge.egg-info
[2.232s] writing nav_goal_bridge.egg-info/PKG-INFO
[2.232s] writing dependency_links to nav_goal_bridge.egg-info/dependency_links.txt
[2.233s] writing entry points to nav_goal_bridge.egg-info/entry_points.txt
[2.233s] writing requirements to nav_goal_bridge.egg-info/requires.txt
[2.233s] writing top-level names to nav_goal_bridge.egg-info/top_level.txt
[2.233s] writing manifest file 'nav_goal_bridge.egg-info/SOURCES.txt'
[2.292s] reading manifest file 'nav_goal_bridge.egg-info/SOURCES.txt'
[2.294s] writing manifest file 'nav_goal_bridge.egg-info/SOURCES.txt'
[2.322s] running build_ext
[2.322s] Creating /home/ceasarmusk/ros2_ws/install/nav_goal_bridge/lib/python3.12/site-packages/nav-goal-bridge.egg-link (link to .)
[2.323s] Installing move_base_simple_to_nav2 script to /home/ceasarmusk/ros2_ws/install/nav_goal_bridge/lib/nav_goal_bridge
[2.324s] 
[2.324s] Installed /home/ceasarmusk/ros2_ws/build/nav_goal_bridge
[2.324s] running symlink_data
[2.324s] creating /home/ceasarmusk/ros2_ws/install/nav_goal_bridge/share/ament_index
[2.324s] creating /home/ceasarmusk/ros2_ws/install/nav_goal_bridge/share/ament_index/resource_index
[2.327s] creating /home/ceasarmusk/ros2_ws/install/nav_goal_bridge/share/ament_index/resource_index/packages
[2.327s] symbolically linking /home/ceasarmusk/ros2_ws/build/nav_goal_bridge/resource/nav_goal_bridge -> /home/ceasarmusk/ros2_ws/install/nav_goal_bridge/share/ament_index/resource_index/packages
[2.328s] symbolically linking /home/ceasarmusk/ros2_ws/build/nav_goal_bridge/package.xml -> /home/ceasarmusk/ros2_ws/install/nav_goal_bridge/share/nav_goal_bridge
[2.438s] Invoked command in '/home/ceasarmusk/ros2_ws/build/nav_goal_bridge' returned '0': PYTHONPATH=/home/ceasarmusk/ros2_ws/build/nav_goal_bridge/prefix_override:/usr/lib/python3/dist-packages/colcon_core/task/python/colcon_distutils_commands:/home/ceasarmusk/ros2_ws/install/nav_goal_bridge/lib/python3.12/site-packages:${PYTHONPATH} /usr/bin/python3 -W ignore:setup.py install is deprecated -W ignore:easy_install command is deprecated setup.py develop --editable --build-directory /home/ceasarmusk/ros2_ws/build/nav_goal_bridge/build --no-deps symlink_data
