[1.453s] Invoking command in '/home/ceasarmusk/ros2_ws/src/ardupilot_bridge': PYTHONPATH=/home/ceasarmusk/ros2_ws/build/ardupilot_bridge/prefix_override:/usr/lib/python3/dist-packages/colcon_core/task/python/colcon_distutils_commands:/home/ceasarmusk/ros2_ws/install/ardupilot_bridge/lib/python3.12/site-packages:${PYTHONPATH} /usr/bin/python3 -W ignore:setup.py install is deprecated -W ignore:easy_install command is deprecated setup.py egg_info --egg-base ../../build/ardupilot_bridge build --build-base /home/ceasarmusk/ros2_ws/build/ardupilot_bridge/build install --record /home/ceasarmusk/ros2_ws/build/ardupilot_bridge/install.log --single-version-externally-managed install_data
[1.882s] running egg_info
[1.911s] writing ../../build/ardupilot_bridge/ardupilot_bridge.egg-info/PKG-INFO
[1.911s] writing dependency_links to ../../build/ardupilot_bridge/ardupilot_bridge.egg-info/dependency_links.txt
[1.912s] writing entry points to ../../build/ardupilot_bridge/ardupilot_bridge.egg-info/entry_points.txt
[1.912s] writing requirements to ../../build/ardupilot_bridge/ardupilot_bridge.egg-info/requires.txt
[1.913s] writing top-level names to ../../build/ardupilot_bridge/ardupilot_bridge.egg-info/top_level.txt
[1.976s] reading manifest file '../../build/ardupilot_bridge/ardupilot_bridge.egg-info/SOURCES.txt'
[1.977s] writing manifest file '../../build/ardupilot_bridge/ardupilot_bridge.egg-info/SOURCES.txt'
[1.977s] running build
[1.977s] running build_py
[1.978s] copying ardupilot_bridge/odom_to_mavlink.py -> /home/ceasarmusk/ros2_ws/build/ardupilot_bridge/build/lib/ardupilot_bridge
[1.978s] running install
[1.989s] running install_lib
[2.019s] copying /home/ceasarmusk/ros2_ws/build/ardupilot_bridge/build/lib/ardupilot_bridge/odom_to_mavlink.py -> /home/ceasarmusk/ros2_ws/install/ardupilot_bridge/lib/python3.12/site-packages/ardupilot_bridge
[2.024s] byte-compiling /home/ceasarmusk/ros2_ws/install/ardupilot_bridge/lib/python3.12/site-packages/ardupilot_bridge/odom_to_mavlink.py to odom_to_mavlink.cpython-312.pyc
[2.024s] running install_data
[2.024s] running install_egg_info
[2.055s] removing '/home/ceasarmusk/ros2_ws/install/ardupilot_bridge/lib/python3.12/site-packages/ardupilot_bridge-0.0.0-py3.12.egg-info' (and everything under it)
[2.056s] Copying ../../build/ardupilot_bridge/ardupilot_bridge.egg-info to /home/ceasarmusk/ros2_ws/install/ardupilot_bridge/lib/python3.12/site-packages/ardupilot_bridge-0.0.0-py3.12.egg-info
[2.057s] running install_scripts
[2.267s] Installing cmd_vel_to_guided script to /home/ceasarmusk/ros2_ws/install/ardupilot_bridge/lib/ardupilot_bridge
[2.267s] Installing odom_to_mavlink script to /home/ceasarmusk/ros2_ws/install/ardupilot_bridge/lib/ardupilot_bridge
[2.268s] Installing scan_to_obstacle_distance script to /home/ceasarmusk/ros2_ws/install/ardupilot_bridge/lib/ardupilot_bridge
[2.269s] writing list of installed files to '/home/ceasarmusk/ros2_ws/build/ardupilot_bridge/install.log'
[2.381s] Invoked command in '/home/ceasarmusk/ros2_ws/src/ardupilot_bridge' returned '0': PYTHONPATH=/home/ceasarmusk/ros2_ws/build/ardupilot_bridge/prefix_override:/usr/lib/python3/dist-packages/colcon_core/task/python/colcon_distutils_commands:/home/ceasarmusk/ros2_ws/install/ardupilot_bridge/lib/python3.12/site-packages:${PYTHONPATH} /usr/bin/python3 -W ignore:setup.py install is deprecated -W ignore:easy_install command is deprecated setup.py egg_info --egg-base ../../build/ardupilot_bridge build --build-base /home/ceasarmusk/ros2_ws/build/ardupilot_bridge/build install --record /home/ceasarmusk/ros2_ws/build/ardupilot_bridge/install.log --single-version-externally-managed install_data
